2023-09-24 10:49:09.088 [info] Log level: Info
2023-09-24 10:49:09.088 [info] Validating found git in: "git"
2023-09-24 10:49:09.112 [info] Using git "2.42.0" from "git"
2023-09-24 10:49:09.125 [info] > git rev-parse --show-toplevel [4ms]
2023-09-24 10:49:09.133 [info] > git rev-parse --git-dir --git-common-dir [3ms]
2023-09-24 10:49:09.142 [info] Open repository: /home/lukas/Github/dotfiles
2023-09-24 10:49:09.163 [info] > git rev-parse --show-toplevel [6ms]
2023-09-24 10:49:09.163 [info] > git config --get commit.template [11ms]
2023-09-24 10:49:09.183 [info] > git rev-parse --show-toplevel [7ms]
2023-09-24 10:49:09.185 [info] > git for-each-ref --format=%(refname)%00%(upstream:short)%00%(objectname)%00%(upstream:track)%00%(upstream:remotename)%00%(upstream:remoteref) refs/heads/master refs/remotes/master [3ms]
2023-09-24 10:49:09.194 [info] > git status -z -uall [4ms]
2023-09-24 10:49:09.208 [info] > git config --get commit.template [2ms]
2023-09-24 10:49:09.224 [info] > git for-each-ref --format=%(refname)%00%(upstream:short)%00%(objectname)%00%(upstream:track)%00%(upstream:remotename)%00%(upstream:remoteref) refs/heads/master refs/remotes/master [2ms]
2023-09-24 10:49:09.235 [info] > git status -z -uall [6ms]
2023-09-24 10:49:09.696 [info] > git check-ignore -v -z --stdin [4ms]
2023-09-24 10:49:10.503 [info] > git fetch [1261ms]
2023-09-24 10:49:10.532 [info] > git config --get commit.template [13ms]
2023-09-24 10:49:10.533 [info] > git for-each-ref --format=%(refname)%00%(upstream:short)%00%(objectname)%00%(upstream:track)%00%(upstream:remotename)%00%(upstream:remoteref) refs/heads/master refs/remotes/master [3ms]
2023-09-24 10:49:10.551 [info] > git status -z -uall [9ms]
2023-09-24 10:49:11.338 [info] > git check-ignore -v -z --stdin [4ms]
2023-09-24 10:49:12.236 [info] > git check-ignore -v -z --stdin [3ms]
2023-09-24 10:49:13.202 [info] > git check-ignore -v -z --stdin [4ms]
2023-09-24 10:49:14.494 [info] > git show --textconv :.config/shell/profile [5ms]
2023-09-24 10:49:14.495 [info] > git ls-files --stage -- /home/lukas/Github/dotfiles/.config/shell/profile [1ms]
2023-09-24 10:49:14.501 [info] > git cat-file -s bc7e9f616165fc623c0b8aa2ed1d900fae018be3 [1ms]
2023-09-24 10:49:27.007 [info] > git config --get commit.template [18ms]
2023-09-24 10:49:27.008 [info] > git for-each-ref --format=%(refname)%00%(upstream:short)%00%(objectname)%00%(upstream:track)%00%(upstream:remotename)%00%(upstream:remoteref) refs/heads/master refs/remotes/master [4ms]
2023-09-24 10:49:27.030 [info] > git status -z -uall [9ms]
2023-09-24 10:49:32.335 [info] > git config --get commit.template [21ms]
2023-09-24 10:49:32.337 [info] > git for-each-ref --format=%(refname)%00%(upstream:short)%00%(objectname)%00%(upstream:track)%00%(upstream:remotename)%00%(upstream:remoteref) refs/heads/master refs/remotes/master [5ms]
2023-09-24 10:49:32.370 [info] > git status -z -uall [16ms]
2023-09-24 10:49:46.515 [info] > git check-ignore -v -z --stdin [4ms]
2023-09-24 10:49:47.796 [info] > git check-ignore -v -z --stdin [5ms]
2023-09-24 10:49:48.265 [info] > git show --textconv :.config/x11/xinitrc [14ms]
2023-09-24 10:49:48.267 [info] > git ls-files --stage -- /home/lukas/Github/dotfiles/.config/x11/xinitrc [3ms]
2023-09-24 10:49:48.275 [info] > git cat-file -s 2c8574ad9e88a40946e14b5fa16253e9dde424b4 [2ms]
2023-09-24 10:49:55.672 [info] > git config --get commit.template [21ms]
2023-09-24 10:49:55.673 [info] > git for-each-ref --format=%(refname)%00%(upstream:short)%00%(objectname)%00%(upstream:track)%00%(upstream:remotename)%00%(upstream:remoteref) refs/heads/master refs/remotes/master [5ms]
2023-09-24 10:49:55.697 [info] > git status -z -uall [11ms]
2023-09-24 10:50:09.564 [info] > git show --textconv :.config/x11/xprofile [19ms]
2023-09-24 10:50:09.567 [info] > git ls-files --stage -- /home/lukas/Github/dotfiles/.config/x11/xprofile [5ms]
2023-09-24 10:50:09.586 [info] > git cat-file -s 536d56a2382b20f393de2343a25082fde63ebdf2 [3ms]
2023-09-24 10:50:23.274 [info] > git show --textconv :.config/x11/xresources [12ms]
2023-09-24 10:50:23.276 [info] > git ls-files --stage -- /home/lukas/Github/dotfiles/.config/x11/xresources [3ms]
2023-09-24 10:50:23.283 [info] > git cat-file -s 3096020e10609213903753202cb2a95fe2083d69 [1ms]
2023-09-24 10:50:26.960 [info] > git check-ignore -v -z --stdin [1ms]
2023-09-24 10:50:27.194 [info] > git show --textconv :.config/zsh/.zcompdump [17ms]
2023-09-24 10:50:27.196 [info] > git ls-files --stage -- /home/lukas/Github/dotfiles/.config/zsh/.zcompdump [3ms]
2023-09-24 10:50:27.204 [info] > git cat-file -s 2aa99a949f8ae6ad797b3f24c889b128fee289c3 [2ms]
2023-09-24 10:50:30.643 [info] > git show --textconv :.config/zsh/.zshrc [28ms]
2023-09-24 10:50:30.645 [info] > git ls-files --stage -- /home/lukas/Github/dotfiles/.config/zsh/.zshrc [3ms]
2023-09-24 10:50:30.653 [info] > git cat-file -s 78f21cf938c2e5be8b58501d0d65697210646a35 [2ms]
2023-09-24 10:52:38.424 [info] > git fetch [1311ms]
2023-09-24 10:52:38.451 [info] > git config --get commit.template [12ms]
2023-09-24 10:52:38.453 [info] > git for-each-ref --format=%(refname)%00%(upstream:short)%00%(objectname)%00%(upstream:track)%00%(upstream:remotename)%00%(upstream:remoteref) refs/heads/master refs/remotes/master [4ms]
2023-09-24 10:52:38.471 [info] > git status -z -uall [8ms]
2023-09-24 10:55:46.972 [info] > git config --get commit.template [1ms]
2023-09-24 10:55:46.977 [info] > git for-each-ref --format=%(refname)%00%(upstream:short)%00%(objectname)%00%(upstream:track)%00%(upstream:remotename)%00%(upstream:remoteref) refs/heads/master refs/remotes/master [1ms]
2023-09-24 10:55:46.985 [info] > git status -z -uall [4ms]
2023-09-24 10:55:48.213 [info] > git fetch [1247ms]
2023-09-24 10:55:48.250 [info] > git config --get commit.template [19ms]
2023-09-24 10:55:48.253 [info] > git for-each-ref --format=%(refname)%00%(upstream:short)%00%(objectname)%00%(upstream:track)%00%(upstream:remotename)%00%(upstream:remoteref) refs/heads/master refs/remotes/master [6ms]
2023-09-24 10:55:48.270 [info] > git status -z -uall [7ms]
2023-09-24 10:55:49.802 [info] > git check-ignore -v -z --stdin [5ms]
2023-09-24 10:55:50.875 [info] > git add -A -- /home/lukas/Github/dotfiles/.config/alacritty/alacritty.yml [7ms]
2023-09-24 10:55:50.914 [info] > git config --get commit.template [19ms]
2023-09-24 10:55:50.917 [info] > git for-each-ref --format=%(refname)%00%(upstream:short)%00%(objectname)%00%(upstream:track)%00%(upstream:remotename)%00%(upstream:remoteref) refs/heads/master refs/remotes/master [5ms]
2023-09-24 10:55:50.952 [info] > git status -z -uall [17ms]
2023-09-24 10:55:52.418 [info] > git add -A -- /home/lukas/Github/dotfiles/.config/alacritty/catppuccin-mocha.yml [7ms]
2023-09-24 10:55:52.441 [info] > git config --get commit.template [8ms]
2023-09-24 10:55:52.442 [info] > git for-each-ref --format=%(refname)%00%(upstream:short)%00%(objectname)%00%(upstream:track)%00%(upstream:remotename)%00%(upstream:remoteref) refs/heads/master refs/remotes/master [1ms]
2023-09-24 10:55:52.453 [info] > git status -z -uall [5ms]
2023-09-24 10:55:52.979 [info] > git add -A -- /home/lukas/Github/dotfiles/.config/shell/profile [6ms]
2023-09-24 10:55:53.002 [info] > git config --get commit.template [5ms]
2023-09-24 10:55:53.020 [info] > git for-each-ref --format=%(refname)%00%(upstream:short)%00%(objectname)%00%(upstream:track)%00%(upstream:remotename)%00%(upstream:remoteref) refs/heads/master refs/remotes/master [4ms]
2023-09-24 10:55:53.044 [info] > git status -z -uall [11ms]
2023-09-24 10:55:53.555 [info] > git add -A -- /home/lukas/Github/dotfiles/.config/x11/xinitrc [6ms]
2023-09-24 10:55:53.588 [info] > git config --get commit.template [14ms]
2023-09-24 10:55:53.589 [info] > git for-each-ref --format=%(refname)%00%(upstream:short)%00%(objectname)%00%(upstream:track)%00%(upstream:remotename)%00%(upstream:remoteref) refs/heads/master refs/remotes/master [3ms]
2023-09-24 10:55:53.606 [info] > git status -z -uall [8ms]
2023-09-24 10:55:54.655 [info] > git config --get commit.template [8ms]
2023-09-24 10:55:54.656 [info] > git for-each-ref --format=%(refname)%00%(upstream:short)%00%(objectname)%00%(upstream:track)%00%(upstream:remotename)%00%(upstream:remoteref) refs/heads/master refs/remotes/master [2ms]
2023-09-24 10:55:54.666 [info] > git status -z -uall [5ms]
2023-09-24 10:56:07.440 [info] > git -c user.useConfigOnly=true commit --quiet --allow-empty-message --file - [8ms]
2023-09-24 10:56:07.448 [info] > git config --get commit.template [1ms]
2023-09-24 10:56:07.460 [info] > git config --get commit.template [6ms]
2023-09-24 10:56:07.462 [info] > git for-each-ref --format=%(refname)%00%(upstream:short)%00%(objectname)%00%(upstream:track)%00%(upstream:remotename)%00%(upstream:remoteref) refs/heads/master refs/remotes/master [3ms]
2023-09-24 10:56:07.470 [info] > git status -z -uall [4ms]
2023-09-24 10:56:07.523 [info] > git config --get commit.template [15ms]
2023-09-24 10:56:07.526 [info] > git for-each-ref --format=%(refname)%00%(upstream:short)%00%(objectname)%00%(upstream:track)%00%(upstream:remotename)%00%(upstream:remoteref) refs/heads/master refs/remotes/master [3ms]
2023-09-24 10:56:07.535 [info] > git status -z -uall [4ms]
2023-09-24 10:56:14.906 [info] > git log --oneline --cherry master...master@{upstream} -- [8ms]
2023-09-24 10:56:16.171 [info] > git pull --tags origin master [1259ms]
2023-09-24 10:56:16.171 [info] From github.com:JirakLu/dotfiles
 * branch            master     -> FETCH_HEAD
2023-09-24 10:56:17.761 [info] > git push origin master:master [1571ms]
2023-09-24 10:56:17.761 [info] To github.com:JirakLu/dotfiles.git
   77ef086..685152f  master -> master
2023-09-24 10:56:17.803 [info] > git config --get commit.template [20ms]
2023-09-24 10:56:17.805 [info] > git for-each-ref --format=%(refname)%00%(upstream:short)%00%(objectname)%00%(upstream:track)%00%(upstream:remotename)%00%(upstream:remoteref) refs/heads/master refs/remotes/master [5ms]
2023-09-24 10:56:17.836 [info] > git status -z -uall [13ms]
2023-09-24 10:56:18.894 [info] > git config --get commit.template [21ms]
2023-09-24 10:56:18.897 [info] > git for-each-ref --format=%(refname)%00%(upstream:short)%00%(objectname)%00%(upstream:track)%00%(upstream:remotename)%00%(upstream:remoteref) refs/heads/master refs/remotes/master [5ms]
2023-09-24 10:56:18.931 [info] > git status -z -uall [15ms]
