2023-09-29 16:22:35.062 [info] Added views:workbench.panel.markers.view in workbench.panel.markers
2023-09-29 16:22:35.062 [info] Added views:workbench.panel.output in workbench.panel.output
2023-09-29 16:22:35.062 [info] Added views:terminal in terminal
2023-09-29 16:22:35.062 [info] Added views:outline in workbench.view.explorer
2023-09-29 16:22:35.062 [info] Added views:workbench.scm in workbench.view.scm
2023-09-29 16:22:35.062 [info] Added views:workbench.view.search in workbench.view.search
2023-09-29 16:22:35.062 [info] Added views:timeline in workbench.view.explorer
2023-09-29 16:22:35.062 [info] Added views:workbench.explorer.fileView in workbench.view.explorer
2023-09-29 16:22:35.226 [info] Added views:workbench.debug.welcome in workbench.view.debug
2023-09-29 16:22:35.587 [info] Added views:workbench.panel.repl.view in workbench.panel.repl
2023-09-29 16:22:36.293 [info] Added views:~remote.forwardedPorts in ~remote.forwardedPortsContainer
2023-09-29 16:23:36.386 [info] Added views:workbench.views.extensions.installed,workbench.views.extensions.popular,extensions.recommendedList in workbench.view.extensions
2023-09-29 16:23:36.396 [info] Removed views:workbench.views.extensions.popular from workbench.view.extensions
2023-09-29 16:27:17.639 [info] Removed views:extensions.recommendedList,workbench.views.extensions.installed from workbench.view.extensions
2023-09-29 16:27:17.652 [info] Added views:workbench.views.extensions.marketplace in workbench.view.extensions
2023-09-29 16:27:26.868 [info] Removed views:workbench.views.extensions.marketplace from workbench.view.extensions
2023-09-29 16:27:26.887 [info] Added views:workbench.views.extensions.installed,extensions.recommendedList in workbench.view.extensions
2023-09-29 16:27:28.275 [info] Removed views:extensions.recommendedList,workbench.views.extensions.installed from workbench.view.extensions
2023-09-29 16:27:28.286 [info] Added views:workbench.views.extensions.marketplace in workbench.view.extensions
2023-09-29 16:37:57.099 [info] Removed views:workbench.views.extensions.marketplace from workbench.view.extensions
2023-09-29 16:37:57.122 [info] Added views:workbench.views.extensions.installed,extensions.recommendedList in workbench.view.extensions
2023-09-29 16:40:02.796 [info] Removed views:extensions.recommendedList,workbench.views.extensions.installed from workbench.view.extensions
2023-09-29 16:40:02.831 [info] Added views:workbench.views.extensions.marketplace in workbench.view.extensions
2023-09-29 16:41:47.402 [info] Removed views:workbench.views.extensions.marketplace from workbench.view.extensions
2023-09-29 16:41:47.429 [info] Added views:workbench.views.extensions.installed,extensions.recommendedList in workbench.view.extensions
2023-09-29 16:42:09.379 [info] Removed views:extensions.recommendedList,workbench.views.extensions.installed from workbench.view.extensions
2023-09-29 16:42:09.410 [info] Added views:workbench.views.extensions.marketplace in workbench.view.extensions
2023-09-29 16:44:30.448 [info] Added views:workbench.panel.markers.view in workbench.panel.markers
2023-09-29 16:44:30.448 [info] Added views:workbench.panel.output in workbench.panel.output
2023-09-29 16:44:30.448 [info] Added views:terminal in terminal
2023-09-29 16:44:30.448 [info] Added views:outline in workbench.view.explorer
2023-09-29 16:44:30.448 [info] Added views:workbench.scm in workbench.view.scm
2023-09-29 16:44:30.448 [info] Added views:workbench.view.search in workbench.view.search
2023-09-29 16:44:30.448 [info] Added views:timeline in workbench.view.explorer
2023-09-29 16:44:30.448 [info] Added views:workbench.explorer.fileView in workbench.view.explorer
2023-09-29 16:44:30.809 [info] Added views:workbench.debug.variablesView,workbench.debug.watchExpressionsView,workbench.debug.callStackView,workbench.debug.breakPointsView in workbench.view.debug
2023-09-29 16:44:30.821 [info] Added views:workbench.panel.repl.view in workbench.panel.repl
2023-09-29 16:44:30.822 [info] Removed views:workbench.debug.breakPointsView,workbench.debug.callStackView,workbench.debug.watchExpressionsView,workbench.debug.variablesView from workbench.view.debug
2023-09-29 16:44:30.822 [info] Added views:workbench.debug.welcome in workbench.view.debug
2023-09-29 16:44:30.892 [info] Added views:~remote.forwardedPorts in ~remote.forwardedPortsContainer
2023-09-29 16:44:43.622 [info] Added views:workbench.views.extensions.installed,workbench.views.extensions.popular,extensions.recommendedList in workbench.view.extensions
2023-09-29 16:44:43.624 [info] Removed views:workbench.views.extensions.popular from workbench.view.extensions
2023-09-29 16:44:44.174 [info] Removed views:extensions.recommendedList,workbench.views.extensions.installed from workbench.view.extensions
2023-09-29 16:44:44.202 [info] Added views:workbench.views.extensions.workspaceRecommendations,workbench.views.extensions.otherRecommendations in workbench.view.extensions
2023-09-29 16:44:56.939 [info] Removed views:workbench.views.extensions.otherRecommendations,workbench.views.extensions.workspaceRecommendations from workbench.view.extensions
2023-09-29 16:44:56.957 [info] Added views:workbench.views.extensions.installed,extensions.recommendedList in workbench.view.extensions
2023-09-29 16:44:58.438 [info] Removed views:extensions.recommendedList,workbench.views.extensions.installed from workbench.view.extensions
2023-09-29 16:44:58.465 [info] Added views:workbench.views.extensions.marketplace in workbench.view.extensions
2023-09-29 16:45:06.341 [info] Removed views:workbench.views.extensions.marketplace from workbench.view.extensions
2023-09-29 16:45:06.358 [info] Added views:workbench.views.extensions.installed,extensions.recommendedList in workbench.view.extensions
2023-09-29 16:45:06.587 [info] Added views:nxConsole.views.welcome,nxRunTarget in workbench.view.extension.nx-console
2023-09-29 16:45:07.158 [info] Removed views:nxConsole.views.welcome from workbench.view.extension.nx-console
2023-09-29 16:45:07.159 [info] Added views:nxProjects,nxCloud,nxCommands,nxHelpAndFeedback in workbench.view.extension.nx-console
