2023-09-24 10:09:34.289 [info] Log level: Info
2023-09-24 10:09:34.289 [info] Validating found git in: "git"
2023-09-24 10:09:34.300 [info] Using git "2.42.0" from "git"
2023-09-24 10:09:34.312 [info] > git rev-parse --show-toplevel [5ms]
2023-09-24 10:09:34.341 [info] > git rev-parse --git-dir --git-common-dir [8ms]
2023-09-24 10:09:34.356 [info] Open repository: /home/lukas/Coding/packages
2023-09-24 10:09:34.368 [info] > git config --get commit.template [5ms]
2023-09-24 10:09:34.380 [info] > git for-each-ref --format=%(refname)%00%(upstream:short)%00%(objectname)%00%(upstream:track)%00%(upstream:remotename)%00%(upstream:remoteref) refs/heads/master refs/remotes/master [7ms]
2023-09-24 10:09:34.390 [info] > git status -z -uall [3ms]
2023-09-24 10:09:34.406 [info] > git config --get commit.template [5ms]
2023-09-24 10:09:34.407 [info] > git for-each-ref --format=%(refname)%00%(upstream:short)%00%(objectname)%00%(upstream:track)%00%(upstream:remotename)%00%(upstream:remoteref) refs/heads/master refs/remotes/master [2ms]
2023-09-24 10:09:34.416 [info] > git status -z -uall [5ms]
2023-09-24 10:09:34.678 [info] > git show --textconv :Apps_paclist.txt [8ms]
2023-09-24 10:09:34.679 [info] > git ls-files --stage -- /home/lukas/Coding/packages/Apps_paclist.txt [2ms]
2023-09-24 10:09:34.686 [info] > git cat-file -s 7267a2299384cfb2324a207a4295b2bb0c8dab2d [1ms]
2023-09-24 10:09:34.888 [info] > git check-ignore -v -z --stdin [4ms]
2023-09-24 10:09:35.725 [info] > git fetch [1369ms]
2023-09-24 10:09:35.751 [info] > git config --get commit.template [10ms]
2023-09-24 10:09:35.752 [info] > git for-each-ref --format=%(refname)%00%(upstream:short)%00%(objectname)%00%(upstream:track)%00%(upstream:remotename)%00%(upstream:remoteref) refs/heads/master refs/remotes/master [2ms]
2023-09-24 10:09:35.759 [info] > git status -z -uall [2ms]
2023-09-24 10:09:36.833 [info] > git ls-files --stage -- /home/lukas/Coding/packages/Apps_paclist.txt [4ms]
2023-09-24 10:09:36.854 [info] > git cat-file -s 7267a2299384cfb2324a207a4295b2bb0c8dab2d [4ms]
2023-09-24 10:09:36.883 [info] > git show --textconv :Apps_paclist.txt [6ms]
2023-09-24 10:09:39.416 [info] > git config --get commit.template [20ms]
2023-09-24 10:09:39.417 [info] > git for-each-ref --format=%(refname)%00%(upstream:short)%00%(objectname)%00%(upstream:track)%00%(upstream:remotename)%00%(upstream:remoteref) refs/heads/master refs/remotes/master [5ms]
2023-09-24 10:09:39.440 [info] > git status -z -uall [6ms]
2023-09-24 10:09:43.626 [info] > git show --textconv :ArchISO_paclist.txt [23ms]
2023-09-24 10:09:43.627 [info] > git ls-files --stage -- /home/lukas/Coding/packages/ArchISO_paclist.txt [7ms]
2023-09-24 10:09:43.647 [info] > git cat-file -s 4f02438f2d386ec8c18193ac1d7c75fe3ed5c4fc [5ms]
2023-09-24 10:09:44.491 [info] > git config --get commit.template [15ms]
2023-09-24 10:09:44.492 [info] > git for-each-ref --format=%(refname)%00%(upstream:short)%00%(objectname)%00%(upstream:track)%00%(upstream:remotename)%00%(upstream:remoteref) refs/heads/master refs/remotes/master [3ms]
2023-09-24 10:09:44.504 [info] > git status -z -uall [3ms]
2023-09-24 10:09:49.522 [info] > git config --get commit.template [7ms]
2023-09-24 10:09:49.523 [info] > git for-each-ref --format=%(refname)%00%(upstream:short)%00%(objectname)%00%(upstream:track)%00%(upstream:remotename)%00%(upstream:remoteref) refs/heads/master refs/remotes/master [2ms]
2023-09-24 10:09:49.531 [info] > git status -z -uall [2ms]
2023-09-24 10:09:54.015 [info] > git show --textconv HEAD:Apps_paclist.txt [5ms]
2023-09-24 10:09:54.015 [info] > git ls-tree -l HEAD -- /home/lukas/Coding/packages/Apps_paclist.txt [1ms]
2023-09-24 10:09:54.574 [info] > git config --get commit.template [20ms]
2023-09-24 10:09:54.576 [info] > git for-each-ref --format=%(refname)%00%(upstream:short)%00%(objectname)%00%(upstream:track)%00%(upstream:remotename)%00%(upstream:remoteref) refs/heads/master refs/remotes/master [5ms]
2023-09-24 10:09:54.599 [info] > git status -z -uall [5ms]
2023-09-24 10:09:55.063 [info] > git show --textconv HEAD:ArchISO_paclist.txt [7ms]
2023-09-24 10:09:55.064 [info] > git ls-tree -l HEAD -- /home/lukas/Coding/packages/ArchISO_paclist.txt [2ms]
2023-09-24 10:09:58.872 [info] > git add -A -- /home/lukas/Coding/packages/ArchISO_paclist.txt [7ms]
2023-09-24 10:09:58.903 [info] > git config --get commit.template [13ms]
2023-09-24 10:09:58.904 [info] > git for-each-ref --format=%(refname)%00%(upstream:short)%00%(objectname)%00%(upstream:track)%00%(upstream:remotename)%00%(upstream:remoteref) refs/heads/master refs/remotes/master [3ms]
2023-09-24 10:09:58.919 [info] > git status -z -uall [4ms]
2023-09-24 10:09:59.969 [info] > git config --get commit.template [5ms]
2023-09-24 10:09:59.970 [info] > git for-each-ref --format=%(refname)%00%(upstream:short)%00%(objectname)%00%(upstream:track)%00%(upstream:remotename)%00%(upstream:remoteref) refs/heads/master refs/remotes/master [1ms]
2023-09-24 10:09:59.975 [info] > git status -z -uall [1ms]
2023-09-24 10:10:00.115 [info] > git ls-files --stage -- /home/lukas/Coding/packages/ArchISO_paclist.txt [4ms]
2023-09-24 10:10:00.121 [info] > git ls-files --stage -- /home/lukas/Coding/packages/ArchISO_paclist.txt [24ms]
2023-09-24 10:10:00.127 [info] > git ls-files --stage -- /home/lukas/Coding/packages/Apps_paclist.txt [48ms]
2023-09-24 10:10:00.132 [info] > git cat-file -s 817faa3c1b515d2ea5a5ed2d26c4acf82a16c7b7 [5ms]
2023-09-24 10:10:00.133 [info] > git cat-file -s 817faa3c1b515d2ea5a5ed2d26c4acf82a16c7b7 [12ms]
2023-09-24 10:10:00.133 [info] > git cat-file -s 7267a2299384cfb2324a207a4295b2bb0c8dab2d [2ms]
2023-09-24 10:10:00.147 [info] > git show --textconv :ArchISO_paclist.txt [9ms]
2023-09-24 10:10:00.148 [info] > git show --textconv :ArchISO_paclist.txt [4ms]
2023-09-24 10:10:00.148 [info] > git show --textconv :Apps_paclist.txt [1ms]
2023-09-24 10:10:02.183 [info] > git add -A -- /home/lukas/Coding/packages/Apps_paclist.txt [7ms]
2023-09-24 10:10:02.223 [info] > git config --get commit.template [19ms]
2023-09-24 10:10:02.226 [info] > git for-each-ref --format=%(refname)%00%(upstream:short)%00%(objectname)%00%(upstream:track)%00%(upstream:remotename)%00%(upstream:remoteref) refs/heads/master refs/remotes/master [5ms]
2023-09-24 10:10:02.248 [info] > git status -z -uall [6ms]
2023-09-24 10:10:03.414 [info] > git ls-files --stage -- /home/lukas/Coding/packages/ArchISO_paclist.txt [12ms]
2023-09-24 10:10:03.423 [info] > git ls-files --stage -- /home/lukas/Coding/packages/Apps_paclist.txt [31ms]
2023-09-24 10:10:03.434 [info] > git cat-file -s 817faa3c1b515d2ea5a5ed2d26c4acf82a16c7b7 [11ms]
2023-09-24 10:10:03.435 [info] > git ls-files --stage -- /home/lukas/Coding/packages/ArchISO_paclist.txt [23ms]
2023-09-24 10:10:03.446 [info] > git cat-file -s d3657678b621587e29791c4fffddb26200d894b8 [14ms]
2023-09-24 10:10:03.458 [info] > git cat-file -s 817faa3c1b515d2ea5a5ed2d26c4acf82a16c7b7 [14ms]
2023-09-24 10:10:03.460 [info] > git show --textconv :ArchISO_paclist.txt [3ms]
2023-09-24 10:10:03.475 [info] > git show --textconv :Apps_paclist.txt [8ms]
2023-09-24 10:10:03.476 [info] > git show --textconv :ArchISO_paclist.txt [2ms]
2023-09-24 10:10:05.019 [info] > git config --get commit.template [20ms]
2023-09-24 10:10:05.020 [info] > git for-each-ref --format=%(refname)%00%(upstream:short)%00%(objectname)%00%(upstream:track)%00%(upstream:remotename)%00%(upstream:remoteref) refs/heads/master refs/remotes/master [6ms]
2023-09-24 10:10:05.037 [info] > git status -z -uall [4ms]
2023-09-24 10:10:17.419 [info] > git ls-files --stage -- /home/lukas/Coding/packages/ArchISO_paclist.txt [8ms]
2023-09-24 10:10:17.428 [info] > git cat-file -s 817faa3c1b515d2ea5a5ed2d26c4acf82a16c7b7 [3ms]
2023-09-24 10:10:24.268 [info] > git -c user.useConfigOnly=true commit --quiet --allow-empty-message --file - [9ms]
2023-09-24 10:10:24.276 [info] > git config --get commit.template [2ms]
2023-09-24 10:10:24.284 [info] > git config --get commit.template [1ms]
2023-09-24 10:10:24.291 [info] > git for-each-ref --format=%(refname)%00%(upstream:short)%00%(objectname)%00%(upstream:track)%00%(upstream:remotename)%00%(upstream:remoteref) refs/heads/master refs/remotes/master [2ms]
2023-09-24 10:10:24.297 [info] > git status -z -uall [2ms]
2023-09-24 10:10:25.516 [info] > git ls-files --stage -- /home/lukas/Coding/packages/ArchISO_paclist.txt [19ms]
2023-09-24 10:10:25.524 [info] > git ls-files --stage -- /home/lukas/Coding/packages/Apps_paclist.txt [44ms]
2023-09-24 10:10:25.531 [info] > git cat-file -s 817faa3c1b515d2ea5a5ed2d26c4acf82a16c7b7 [7ms]
2023-09-24 10:10:25.532 [info] > git ls-tree -l HEAD -- /home/lukas/Coding/packages/ArchISO_paclist.txt [18ms]
2023-09-24 10:10:25.533 [info] > git cat-file -s d3657678b621587e29791c4fffddb26200d894b8 [3ms]
2023-09-24 10:10:25.544 [info] > git show --textconv :ArchISO_paclist.txt [6ms]
2023-09-24 10:10:25.550 [info] > git show --textconv HEAD:ArchISO_paclist.txt [6ms]
2023-09-24 10:10:25.551 [info] > git show --textconv :Apps_paclist.txt [2ms]
2023-09-24 10:10:25.737 [info] > git push origin master:master [1431ms]
2023-09-24 10:10:25.737 [info] To github.com:JirakLu/arch-package-list.git
   281ea3e..479ca79  master -> master
2023-09-24 10:10:25.772 [info] > git config --get commit.template [18ms]
2023-09-24 10:10:25.775 [info] > git for-each-ref --format=%(refname)%00%(upstream:short)%00%(objectname)%00%(upstream:track)%00%(upstream:remotename)%00%(upstream:remoteref) refs/heads/master refs/remotes/master [5ms]
2023-09-24 10:10:25.797 [info] > git status -z -uall [4ms]
2023-09-24 10:10:25.838 [info] > git config --get commit.template [1ms]
2023-09-24 10:10:25.843 [info] > git for-each-ref --format=%(refname)%00%(upstream:short)%00%(objectname)%00%(upstream:track)%00%(upstream:remotename)%00%(upstream:remoteref) refs/heads/master refs/remotes/master [1ms]
2023-09-24 10:10:25.848 [info] > git status -z -uall [1ms]
2023-09-24 10:10:26.962 [info] > git ls-files --stage -- /home/lukas/Coding/packages/ArchISO_paclist.txt [9ms]
2023-09-24 10:10:26.969 [info] > git ls-files --stage -- /home/lukas/Coding/packages/Apps_paclist.txt [22ms]
2023-09-24 10:10:26.976 [info] > git cat-file -s 817faa3c1b515d2ea5a5ed2d26c4acf82a16c7b7 [8ms]
2023-09-24 10:10:26.977 [info] > git ls-tree -l HEAD -- /home/lukas/Coding/packages/ArchISO_paclist.txt [16ms]
2023-09-24 10:10:26.978 [info] > git cat-file -s d3657678b621587e29791c4fffddb26200d894b8 [3ms]
2023-09-24 10:10:26.999 [info] > git show --textconv :ArchISO_paclist.txt [14ms]
2023-09-24 10:10:26.999 [info] > git show --textconv HEAD:ArchISO_paclist.txt [7ms]
2023-09-24 10:10:27.001 [info] > git show --textconv :Apps_paclist.txt [3ms]
2023-09-24 10:10:27.980 [info] > git config --get commit.template [18ms]
2023-09-24 10:10:27.983 [info] > git for-each-ref --format=%(refname)%00%(upstream:short)%00%(objectname)%00%(upstream:track)%00%(upstream:remotename)%00%(upstream:remoteref) refs/heads/master refs/remotes/master [6ms]
2023-09-24 10:10:27.997 [info] > git status -z -uall [3ms]
2023-09-24 10:10:29.136 [info] > git show --textconv :Gnome_paclist.txt [9ms]
2023-09-24 10:10:29.138 [info] > git ls-files --stage -- /home/lukas/Coding/packages/Gnome_paclist.txt [3ms]
2023-09-24 10:10:29.145 [info] > git cat-file -s 983870499f1b16dbc832c3e789404159a8c90866 [1ms]
2023-09-24 10:13:27.622 [info] > git fetch [1285ms]
2023-09-24 10:13:27.664 [info] > git config --get commit.template [23ms]
2023-09-24 10:13:27.668 [info] > git for-each-ref --format=%(refname)%00%(upstream:short)%00%(objectname)%00%(upstream:track)%00%(upstream:remotename)%00%(upstream:remoteref) refs/heads/master refs/remotes/master [7ms]
2023-09-24 10:13:27.695 [info] > git status -z -uall [10ms]
