2023-09-28 15:48:22.139 [info] Log level: Info
2023-09-28 15:48:22.140 [info] Validating found git in: "git"
2023-09-28 15:48:22.140 [info] Using git "2.42.0" from "git"
2023-09-28 15:48:22.140 [info] > git rev-parse --show-toplevel [6ms]
2023-09-28 15:48:22.141 [info] > git rev-parse --git-dir --git-common-dir [7ms]
2023-09-28 15:48:22.175 [info] Open repository: /home/lukas/Github/dotfiles
2023-09-28 15:48:22.204 [info] > git rev-parse --show-toplevel [12ms]
2023-09-28 15:48:22.206 [info] > git config --get commit.template [17ms]
2023-09-28 15:48:22.221 [info] > git rev-parse --show-toplevel [9ms]
2023-09-28 15:48:22.227 [info] > git for-each-ref --format=%(refname)%00%(upstream:short)%00%(objectname)%00%(upstream:track)%00%(upstream:remotename)%00%(upstream:remoteref) refs/heads/master refs/remotes/master [8ms]
2023-09-28 15:48:22.239 [info] > git status -z -uall [2ms]
2023-09-28 15:48:22.255 [info] > git config --get commit.template [1ms]
2023-09-28 15:48:22.274 [info] > git for-each-ref --format=%(refname)%00%(upstream:short)%00%(objectname)%00%(upstream:track)%00%(upstream:remotename)%00%(upstream:remoteref) refs/heads/master refs/remotes/master [11ms]
2023-09-28 15:48:22.285 [info] > git status -z -uall [3ms]
2023-09-28 15:48:22.708 [info] > git check-ignore -v -z --stdin [1ms]
2023-09-28 15:48:23.052 [info] > git show --textconv :sync.sh [7ms]
2023-09-28 15:48:23.054 [info] > git ls-files --stage -- /home/lukas/Github/dotfiles/sync.sh [2ms]
2023-09-28 15:48:23.501 [info] > git fetch [1327ms]
2023-09-28 15:48:23.511 [info] > git config --get commit.template [5ms]
2023-09-28 15:48:23.511 [info] > git for-each-ref --format=%(refname)%00%(upstream:short)%00%(objectname)%00%(upstream:track)%00%(upstream:remotename)%00%(upstream:remoteref) refs/heads/master refs/remotes/master [1ms]
2023-09-28 15:48:23.519 [info] > git status -z -uall [1ms]
2023-09-28 15:48:24.585 [info] > git ls-files --stage -- /home/lukas/Github/dotfiles/sync.sh [1ms]
2023-09-28 15:48:24.591 [info] > git show --textconv :sync.sh [1ms]
2023-09-28 15:48:38.196 [info] > git config --get commit.template [11ms]
2023-09-28 15:48:38.197 [info] > git for-each-ref --format=%(refname)%00%(upstream:short)%00%(objectname)%00%(upstream:track)%00%(upstream:remotename)%00%(upstream:remoteref) refs/heads/master refs/remotes/master [3ms]
2023-09-28 15:48:38.208 [info] > git status -z -uall [2ms]
2023-09-28 15:48:43.223 [info] > git config --get commit.template [6ms]
2023-09-28 15:48:43.224 [info] > git for-each-ref --format=%(refname)%00%(upstream:short)%00%(objectname)%00%(upstream:track)%00%(upstream:remotename)%00%(upstream:remoteref) refs/heads/master refs/remotes/master [2ms]
2023-09-28 15:48:43.231 [info] > git status -z -uall [3ms]
2023-09-28 15:48:48.251 [info] > git for-each-ref --format=%(refname)%00%(upstream:short)%00%(objectname)%00%(upstream:track)%00%(upstream:remotename)%00%(upstream:remoteref) refs/heads/master refs/remotes/master [4ms]
2023-09-28 15:48:48.251 [info] > git config --get commit.template [10ms]
2023-09-28 15:48:48.259 [info] > git status -z -uall [2ms]
2023-09-28 15:49:34.128 [info] > git config --get commit.template [20ms]
2023-09-28 15:49:34.129 [info] > git for-each-ref --format=%(refname)%00%(upstream:short)%00%(objectname)%00%(upstream:track)%00%(upstream:remotename)%00%(upstream:remoteref) refs/heads/master refs/remotes/master [6ms]
2023-09-28 15:49:34.154 [info] > git status -z -uall [8ms]
2023-09-28 15:49:48.748 [info] > git config --get commit.template [15ms]
2023-09-28 15:49:48.749 [info] > git for-each-ref --format=%(refname)%00%(upstream:short)%00%(objectname)%00%(upstream:track)%00%(upstream:remotename)%00%(upstream:remoteref) refs/heads/master refs/remotes/master [2ms]
2023-09-28 15:49:48.761 [info] > git status -z -uall [4ms]
2023-09-28 15:49:53.807 [info] > git config --get commit.template [23ms]
2023-09-28 15:49:53.809 [info] > git for-each-ref --format=%(refname)%00%(upstream:short)%00%(objectname)%00%(upstream:track)%00%(upstream:remotename)%00%(upstream:remoteref) refs/heads/master refs/remotes/master [6ms]
2023-09-28 15:49:53.828 [info] > git status -z -uall [5ms]
2023-09-28 15:50:08.652 [info] > git check-ignore -v -z --stdin [3ms]
2023-09-28 15:50:15.072 [info] > git config --get commit.template [20ms]
2023-09-28 15:50:15.074 [info] > git for-each-ref --format=%(refname)%00%(upstream:short)%00%(objectname)%00%(upstream:track)%00%(upstream:remotename)%00%(upstream:remoteref) refs/heads/master refs/remotes/master [4ms]
2023-09-28 15:50:15.087 [info] > git status -z -uall [3ms]
2023-09-28 15:50:20.674 [info] > git config --get commit.template [15ms]
2023-09-28 15:50:20.677 [info] > git for-each-ref --format=%(refname)%00%(upstream:short)%00%(objectname)%00%(upstream:track)%00%(upstream:remotename)%00%(upstream:remoteref) refs/heads/master refs/remotes/master [3ms]
2023-09-28 15:50:20.705 [info] > git status -z -uall [16ms]
2023-09-28 15:50:23.721 [info] > git check-ignore -v -z --stdin [4ms]
2023-09-28 15:50:24.418 [info] > git show --textconv :.config/shell/aliasrc [20ms]
2023-09-28 15:50:24.422 [info] > git ls-files --stage -- /home/lukas/Github/dotfiles/.config/shell/aliasrc [6ms]
2023-09-28 15:50:24.444 [info] > git cat-file -s 56d57b6011ff1f2dadc9bf7fc0db56f6aaa1c079 [5ms]
2023-09-28 15:50:27.692 [info] > git show --textconv :.config/shell/profile [20ms]
2023-09-28 15:50:27.695 [info] > git ls-files --stage -- /home/lukas/Github/dotfiles/.config/shell/profile [5ms]
2023-09-28 15:50:27.712 [info] > git cat-file -s 25db2075ce147570acbe21ee73db252530786fd4 [4ms]
2023-09-28 15:50:40.425 [info] > git check-ignore -v -z --stdin [4ms]
2023-09-28 15:50:41.113 [info] > git check-ignore -v -z --stdin [3ms]
2023-09-28 15:50:42.111 [info] > git show --textconv :.config/nvim/.github/ISSUE_TEMPLATE/bug_report.md [18ms]
2023-09-28 15:50:42.111 [info] > git ls-files --stage -- /home/lukas/Github/dotfiles/.config/nvim/.github/ISSUE_TEMPLATE/bug_report.md [6ms]
2023-09-28 15:50:49.611 [info] > git check-ignore -v -z --stdin [4ms]
2023-09-28 15:50:50.259 [info] > git show --textconv :.config/zsh/.zshrc [6ms]
2023-09-28 15:50:50.261 [info] > git ls-files --stage -- /home/lukas/Github/dotfiles/.config/zsh/.zshrc [2ms]
2023-09-28 15:50:50.267 [info] > git cat-file -s 189b7554d1ef6be4ddae641c4f1afefabb4f3993 [1ms]
2023-09-28 15:51:05.191 [info] > git check-ignore -v -z --stdin [6ms]
2023-09-28 15:51:17.726 [info] > git add -A -- /home/lukas/Github/dotfiles/sync.sh [4ms]
2023-09-28 15:51:17.756 [info] > git config --get commit.template [15ms]
2023-09-28 15:51:17.758 [info] > git for-each-ref --format=%(refname)%00%(upstream:short)%00%(objectname)%00%(upstream:track)%00%(upstream:remotename)%00%(upstream:remoteref) refs/heads/master refs/remotes/master [3ms]
2023-09-28 15:51:17.774 [info] > git status -z -uall [5ms]
2023-09-28 15:51:18.838 [info] > git config --get commit.template [6ms]
2023-09-28 15:51:18.851 [info] > git for-each-ref --format=%(refname)%00%(upstream:short)%00%(objectname)%00%(upstream:track)%00%(upstream:remotename)%00%(upstream:remoteref) refs/heads/master refs/remotes/master [2ms]
2023-09-28 15:51:18.863 [info] > git status -z -uall [4ms]
2023-09-28 15:51:18.952 [info] > git ls-files --stage -- /home/lukas/Github/dotfiles/sync.sh [21ms]
2023-09-28 15:51:18.976 [info] > git cat-file -s b55824043f58c012d0c0353a252199803bd3f533 [7ms]
2023-09-28 15:51:18.977 [info] > git ls-files --stage -- /home/lukas/Github/dotfiles/.config/zsh/.zshrc [27ms]
2023-09-28 15:51:18.997 [info] > git cat-file -s 189b7554d1ef6be4ddae641c4f1afefabb4f3993 [9ms]
2023-09-28 15:51:18.998 [info] > git show --textconv :sync.sh [2ms]
2023-09-28 15:51:19.006 [info] > git show --textconv :.config/zsh/.zshrc [2ms]
2023-09-28 15:51:20.268 [info] > git add -A -- /home/lukas/Github/dotfiles/.config/shell/aliasrc /home/lukas/Github/dotfiles/.config/shell/profile /home/lukas/Github/dotfiles/.config/x11/xinitrc /home/lukas/Github/dotfiles/.config/zsh/.zshrc /home/lukas/Github/dotfiles/.config/nvim/.github/ISSUE_TEMPLATE/bug_report.md [10ms]
2023-09-28 15:51:20.292 [info] > git config --get commit.template [10ms]
2023-09-28 15:51:20.293 [info] > git for-each-ref --format=%(refname)%00%(upstream:short)%00%(objectname)%00%(upstream:track)%00%(upstream:remotename)%00%(upstream:remoteref) refs/heads/master refs/remotes/master [2ms]
2023-09-28 15:51:20.305 [info] > git status -z -uall [4ms]
2023-09-28 15:51:21.467 [info] > git ls-files --stage -- /home/lukas/Github/dotfiles/sync.sh [10ms]
2023-09-28 15:51:21.475 [info] > git ls-files --stage -- /home/lukas/Github/dotfiles/.config/zsh/.zshrc [9ms]
2023-09-28 15:51:21.482 [info] > git cat-file -s b55824043f58c012d0c0353a252199803bd3f533 [8ms]
2023-09-28 15:51:21.482 [info] > git cat-file -s 21f1e062bd34a20dc63c940f97c6e59df2c5faf3 [1ms]
2023-09-28 15:51:21.494 [info] > git show --textconv :sync.sh [5ms]
2023-09-28 15:51:21.494 [info] > git show --textconv :.config/zsh/.zshrc [1ms]
2023-09-28 15:51:24.789 [info] > git ls-files --stage -- /home/lukas/Github/dotfiles/sync.sh [23ms]
2023-09-28 15:51:24.803 [info] > git ls-files --stage -- /home/lukas/Github/dotfiles/.config/zsh/.zshrc [16ms]
2023-09-28 15:51:24.814 [info] > git cat-file -s b55824043f58c012d0c0353a252199803bd3f533 [13ms]
2023-09-28 15:51:24.816 [info] > git cat-file -s 21f1e062bd34a20dc63c940f97c6e59df2c5faf3 [3ms]
2023-09-28 15:51:24.831 [info] > git show --textconv :sync.sh [7ms]
2023-09-28 15:51:24.833 [info] > git show --textconv :.config/zsh/.zshrc [2ms]
2023-09-28 15:51:24.856 [info] > git fetch [1314ms]
2023-09-28 15:51:24.869 [info] > git config --get commit.template [7ms]
2023-09-28 15:51:24.870 [info] > git for-each-ref --format=%(refname)%00%(upstream:short)%00%(objectname)%00%(upstream:track)%00%(upstream:remotename)%00%(upstream:remoteref) refs/heads/master refs/remotes/master [2ms]
2023-09-28 15:51:24.878 [info] > git status -z -uall [3ms]
2023-09-28 15:51:24.888 [info] > git config --get commit.template [1ms]
2023-09-28 15:51:24.896 [info] > git for-each-ref --format=%(refname)%00%(upstream:short)%00%(objectname)%00%(upstream:track)%00%(upstream:remotename)%00%(upstream:remoteref) refs/heads/master refs/remotes/master [2ms]
2023-09-28 15:51:24.904 [info] > git status -z -uall [3ms]
2023-09-28 15:51:24.926 [info] > git -c user.useConfigOnly=true commit --quiet --allow-empty-message --file - [6ms]
2023-09-28 15:51:24.933 [info] > git config --get commit.template [1ms]
2023-09-28 15:51:24.942 [info] > git config --get commit.template [2ms]
2023-09-28 15:51:24.949 [info] > git for-each-ref --format=%(refname)%00%(upstream:short)%00%(objectname)%00%(upstream:track)%00%(upstream:remotename)%00%(upstream:remoteref) refs/heads/master refs/remotes/master [2ms]
2023-09-28 15:51:24.956 [info] > git status -z -uall [2ms]
2023-09-28 15:51:26.192 [info] > git ls-files --stage -- /home/lukas/Github/dotfiles/sync.sh [17ms]
2023-09-28 15:51:26.202 [info] > git ls-files --stage -- /home/lukas/Github/dotfiles/.config/zsh/.zshrc [12ms]
2023-09-28 15:51:26.210 [info] > git cat-file -s b55824043f58c012d0c0353a252199803bd3f533 [10ms]
2023-09-28 15:51:26.212 [info] > git cat-file -s 21f1e062bd34a20dc63c940f97c6e59df2c5faf3 [3ms]
2023-09-28 15:51:26.229 [info] > git show --textconv :sync.sh [8ms]
2023-09-28 15:51:26.230 [info] > git show --textconv :.config/zsh/.zshrc [2ms]
2023-09-28 15:51:26.826 [info] > git push origin master:master [1859ms]
2023-09-28 15:51:26.826 [info] To github.com:JirakLu/dotfiles.git
   5ff4f83..8bc88d6  master -> master
2023-09-28 15:51:26.837 [info] > git config --get commit.template [5ms]
2023-09-28 15:51:26.837 [info] > git for-each-ref --format=%(refname)%00%(upstream:short)%00%(objectname)%00%(upstream:track)%00%(upstream:remotename)%00%(upstream:remoteref) refs/heads/master refs/remotes/master [1ms]
2023-09-28 15:51:26.844 [info] > git status -z -uall [1ms]
2023-09-28 15:51:26.871 [info] > git config --get commit.template [6ms]
2023-09-28 15:51:26.871 [info] > git for-each-ref --format=%(refname)%00%(upstream:short)%00%(objectname)%00%(upstream:track)%00%(upstream:remotename)%00%(upstream:remoteref) refs/heads/master refs/remotes/master [1ms]
2023-09-28 15:51:26.878 [info] > git status -z -uall [1ms]
2023-09-28 15:51:28.046 [info] > git ls-files --stage -- /home/lukas/Github/dotfiles/sync.sh [21ms]
2023-09-28 15:51:28.067 [info] > git ls-files --stage -- /home/lukas/Github/dotfiles/.config/zsh/.zshrc [23ms]
2023-09-28 15:51:28.088 [info] > git cat-file -s b55824043f58c012d0c0353a252199803bd3f533 [23ms]
2023-09-28 15:51:28.091 [info] > git cat-file -s 21f1e062bd34a20dc63c940f97c6e59df2c5faf3 [6ms]
2023-09-28 15:51:28.114 [info] > git show --textconv :sync.sh [11ms]
2023-09-28 15:51:28.116 [info] > git show --textconv :.config/zsh/.zshrc [2ms]
2023-09-28 15:51:29.934 [info] > git config --get commit.template [10ms]
2023-09-28 15:51:29.935 [info] > git for-each-ref --format=%(refname)%00%(upstream:short)%00%(objectname)%00%(upstream:track)%00%(upstream:remotename)%00%(upstream:remoteref) refs/heads/master refs/remotes/master [2ms]
2023-09-28 15:51:29.943 [info] > git status -z -uall [2ms]
2023-09-28 15:51:39.363 [info] > git show --textconv :install.sh [8ms]
2023-09-28 15:51:39.364 [info] > git ls-files --stage -- /home/lukas/Github/dotfiles/install.sh [2ms]
2023-09-28 15:51:39.371 [info] > git cat-file -s 957fd6e5bfedd5fe0d2765a11aa6db20b4adfc0e [2ms]
