2023-09-23 15:33:38.373 [info] Log level: Info
2023-09-23 15:33:38.373 [info] Validating found git in: "git"
2023-09-23 15:33:38.373 [info] Using git "2.42.0" from "git"
2023-09-23 15:33:38.373 [info] > git rev-parse --show-toplevel [2ms]
2023-09-23 15:33:38.374 [info] > git rev-parse --git-dir --git-common-dir [4ms]
2023-09-23 15:33:38.386 [info] Open repository: /home/lukas/Coding/packages
2023-09-23 15:33:38.411 [info] > git config --get commit.template [17ms]
2023-09-23 15:33:38.419 [info] > git for-each-ref --format=%(refname)%00%(upstream:short)%00%(objectname)%00%(upstream:track)%00%(upstream:remotename)%00%(upstream:remoteref) refs/heads/master refs/remotes/master [3ms]
2023-09-23 15:33:38.427 [info] > git status -z -uall [3ms]
2023-09-23 15:33:38.438 [info] > git config --get commit.template [1ms]
2023-09-23 15:33:38.444 [info] > git for-each-ref --format=%(refname)%00%(upstream:short)%00%(objectname)%00%(upstream:track)%00%(upstream:remotename)%00%(upstream:remoteref) refs/heads/master refs/remotes/master [2ms]
2023-09-23 15:33:38.459 [info] > git status -z -uall [11ms]
2023-09-23 15:33:38.773 [info] > git show --textconv :Gnome_paclist.txt [10ms]
2023-09-23 15:33:38.774 [info] > git ls-files --stage -- /home/lukas/Coding/packages/Gnome_paclist.txt [2ms]
2023-09-23 15:33:38.780 [info] > git cat-file -s 983870499f1b16dbc832c3e789404159a8c90866 [1ms]
2023-09-23 15:33:38.941 [info] > git check-ignore -v -z --stdin [4ms]
2023-09-23 15:33:41.936 [info] > git show --textconv :Fonts_paclist.txt [5ms]
2023-09-23 15:33:41.937 [info] > git ls-files --stage -- /home/lukas/Coding/packages/Fonts_paclist.txt [1ms]
2023-09-23 15:33:41.942 [info] > git cat-file -s f71d83e2c6bd696a7cf192351929231228fb8096 [2ms]
2023-09-23 15:33:42.311 [info] > git show --textconv :Drivers_paclist.txt [12ms]
2023-09-23 15:33:42.313 [info] > git ls-files --stage -- /home/lukas/Coding/packages/Drivers_paclist.txt [2ms]
2023-09-23 15:33:42.324 [info] > git cat-file -s 7fb5ca27c597e9ee7ca584ec26a5d3f61c2cfbb7 [3ms]
2023-09-23 15:33:43.026 [info] > git show --textconv :ArchISO_paclist.txt [23ms]
2023-09-23 15:33:43.030 [info] > git ls-files --stage -- /home/lukas/Coding/packages/ArchISO_paclist.txt [5ms]
2023-09-23 15:33:43.042 [info] > git cat-file -s 89a3438710752e02063e8ed6fd4e1fe428c915d0 [3ms]
2023-09-23 15:33:54.559 [info] > git config --get commit.template [11ms]
2023-09-23 15:33:54.561 [info] > git for-each-ref --format=%(refname)%00%(upstream:short)%00%(objectname)%00%(upstream:track)%00%(upstream:remotename)%00%(upstream:remoteref) refs/heads/master refs/remotes/master [2ms]
2023-09-23 15:33:54.570 [info] > git status -z -uall [2ms]
2023-09-23 15:34:02.189 [info] > git config --get commit.template [21ms]
2023-09-23 15:34:02.192 [info] > git for-each-ref --format=%(refname)%00%(upstream:short)%00%(objectname)%00%(upstream:track)%00%(upstream:remotename)%00%(upstream:remoteref) refs/heads/master refs/remotes/master [6ms]
2023-09-23 15:34:02.216 [info] > git status -z -uall [6ms]
2023-09-23 15:34:07.731 [info] > git config --get commit.template [21ms]
2023-09-23 15:34:07.734 [info] > git for-each-ref --format=%(refname)%00%(upstream:short)%00%(objectname)%00%(upstream:track)%00%(upstream:remotename)%00%(upstream:remoteref) refs/heads/master refs/remotes/master [5ms]
2023-09-23 15:34:07.757 [info] > git status -z -uall [5ms]
2023-09-23 15:34:13.729 [info] > git config --get commit.template [11ms]
2023-09-23 15:34:13.730 [info] > git for-each-ref --format=%(refname)%00%(upstream:short)%00%(objectname)%00%(upstream:track)%00%(upstream:remotename)%00%(upstream:remoteref) refs/heads/master refs/remotes/master [2ms]
2023-09-23 15:34:13.738 [info] > git status -z -uall [1ms]
2023-09-23 15:34:20.690 [info] > git show --textconv :Apps_paclist.txt [20ms]
2023-09-23 15:34:20.694 [info] > git ls-files --stage -- /home/lukas/Coding/packages/Apps_paclist.txt [6ms]
2023-09-23 15:34:20.954 [info] > git check-ignore -v -z --stdin [4ms]
2023-09-23 15:34:21.490 [info] > git config --get commit.template [6ms]
2023-09-23 15:34:21.491 [info] > git for-each-ref --format=%(refname)%00%(upstream:short)%00%(objectname)%00%(upstream:track)%00%(upstream:remotename)%00%(upstream:remoteref) refs/heads/master refs/remotes/master [2ms]
2023-09-23 15:34:21.497 [info] > git status -z -uall [2ms]
2023-09-23 15:34:26.537 [info] > git config --get commit.template [20ms]
2023-09-23 15:34:26.540 [info] > git for-each-ref --format=%(refname)%00%(upstream:short)%00%(objectname)%00%(upstream:track)%00%(upstream:remotename)%00%(upstream:remoteref) refs/heads/master refs/remotes/master [5ms]
2023-09-23 15:34:26.563 [info] > git status -z -uall [6ms]
2023-09-23 15:34:44.251 [info] > git config --get commit.template [3ms]
2023-09-23 15:34:44.263 [info] > git for-each-ref --format=%(refname)%00%(upstream:short)%00%(objectname)%00%(upstream:track)%00%(upstream:remotename)%00%(upstream:remoteref) refs/heads/master refs/remotes/master [3ms]
2023-09-23 15:34:44.275 [info] > git status -z -uall [3ms]
2023-09-23 15:34:49.323 [info] > git for-each-ref --format=%(refname)%00%(upstream:short)%00%(objectname)%00%(upstream:track)%00%(upstream:remotename)%00%(upstream:remoteref) refs/heads/master refs/remotes/master [7ms]
2023-09-23 15:34:49.323 [info] > git config --get commit.template [25ms]
2023-09-23 15:34:49.343 [info] > git status -z -uall [5ms]
2023-09-23 15:34:54.360 [info] > git config --get commit.template [6ms]
2023-09-23 15:34:54.361 [info] > git for-each-ref --format=%(refname)%00%(upstream:short)%00%(objectname)%00%(upstream:track)%00%(upstream:remotename)%00%(upstream:remoteref) refs/heads/master refs/remotes/master [2ms]
2023-09-23 15:34:54.367 [info] > git status -z -uall [2ms]
2023-09-23 15:35:32.753 [info] > git add -A -- . [2ms]
2023-09-23 15:35:32.761 [info] > git -c user.useConfigOnly=true commit --quiet --allow-empty-message --file - [3ms]
2023-09-23 15:35:32.767 [info] > git config --get commit.template [1ms]
2023-09-23 15:35:32.774 [info] > git config --get commit.template [2ms]
2023-09-23 15:35:32.781 [info] > git for-each-ref --format=%(refname)%00%(upstream:short)%00%(objectname)%00%(upstream:track)%00%(upstream:remotename)%00%(upstream:remoteref) refs/heads/master refs/remotes/master [2ms]
2023-09-23 15:35:32.786 [info] > git status -z -uall [1ms]
2023-09-23 15:35:33.986 [info] > git ls-files --stage -- /home/lukas/Coding/packages/ArchISO_paclist.txt [15ms]
2023-09-23 15:35:33.995 [info] > git ls-files --stage -- /home/lukas/Coding/packages/Gnome_paclist.txt [37ms]
2023-09-23 15:35:34.003 [info] > git cat-file -s 4f02438f2d386ec8c18193ac1d7c75fe3ed5c4fc [8ms]
2023-09-23 15:35:34.004 [info] > git ls-files --stage -- /home/lukas/Coding/packages/Apps_paclist.txt [20ms]
2023-09-23 15:35:34.009 [info] > git cat-file -s 983870499f1b16dbc832c3e789404159a8c90866 [8ms]
2023-09-23 15:35:34.015 [info] > git cat-file -s 7267a2299384cfb2324a207a4295b2bb0c8dab2d [6ms]
2023-09-23 15:35:34.021 [info] > git show --textconv :ArchISO_paclist.txt [6ms]
2023-09-23 15:35:34.027 [info] > git show --textconv :Gnome_paclist.txt [7ms]
2023-09-23 15:35:34.027 [info] > git show --textconv :Apps_paclist.txt [2ms]
2023-09-23 15:35:34.380 [info] > git push origin master:master [1584ms]
2023-09-23 15:35:34.380 [info] To github.com:JirakLu/arch-package-list.git
   e7e6c3f..281ea3e  master -> master
2023-09-23 15:35:34.392 [info] > git config --get commit.template [7ms]
2023-09-23 15:35:34.393 [info] > git for-each-ref --format=%(refname)%00%(upstream:short)%00%(objectname)%00%(upstream:track)%00%(upstream:remotename)%00%(upstream:remoteref) refs/heads/master refs/remotes/master [2ms]
2023-09-23 15:35:34.400 [info] > git status -z -uall [2ms]
2023-09-23 15:35:34.431 [info] > git config --get commit.template [5ms]
2023-09-23 15:35:34.431 [info] > git for-each-ref --format=%(refname)%00%(upstream:short)%00%(objectname)%00%(upstream:track)%00%(upstream:remotename)%00%(upstream:remoteref) refs/heads/master refs/remotes/master [1ms]
2023-09-23 15:35:34.437 [info] > git status -z -uall [1ms]
2023-09-23 15:35:35.477 [info] > git config --get commit.template [10ms]
2023-09-23 15:35:35.479 [info] > git for-each-ref --format=%(refname)%00%(upstream:short)%00%(objectname)%00%(upstream:track)%00%(upstream:remotename)%00%(upstream:remoteref) refs/heads/master refs/remotes/master [3ms]
2023-09-23 15:35:35.491 [info] > git status -z -uall [3ms]
2023-09-23 15:35:35.627 [info] > git ls-files --stage -- /home/lukas/Coding/packages/ArchISO_paclist.txt [30ms]
2023-09-23 15:35:35.648 [info] > git ls-files --stage -- /home/lukas/Coding/packages/Gnome_paclist.txt [69ms]
2023-09-23 15:35:35.669 [info] > git cat-file -s 4f02438f2d386ec8c18193ac1d7c75fe3ed5c4fc [22ms]
2023-09-23 15:35:35.671 [info] > git ls-files --stage -- /home/lukas/Coding/packages/Apps_paclist.txt [51ms]
2023-09-23 15:35:35.690 [info] > git cat-file -s 983870499f1b16dbc832c3e789404159a8c90866 [23ms]
2023-09-23 15:35:35.711 [info] > git cat-file -s 7267a2299384cfb2324a207a4295b2bb0c8dab2d [24ms]
2023-09-23 15:35:35.716 [info] > git show --textconv :ArchISO_paclist.txt [7ms]
2023-09-23 15:35:35.755 [info] > git show --textconv :Gnome_paclist.txt [20ms]
2023-09-23 15:35:35.759 [info] > git show --textconv :Apps_paclist.txt [5ms]
2023-09-23 15:35:39.212 [info] > git ls-files --stage -- /home/lukas/Coding/packages/Gnome_paclist.txt [6ms]
2023-09-23 15:35:39.225 [info] > git cat-file -s 983870499f1b16dbc832c3e789404159a8c90866 [8ms]
2023-09-23 15:35:39.226 [info] > git ls-files --stage -- /home/lukas/Coding/packages/ArchISO_paclist.txt [15ms]
2023-09-23 15:35:39.233 [info] > git cat-file -s 4f02438f2d386ec8c18193ac1d7c75fe3ed5c4fc [1ms]
2023-09-23 15:35:39.233 [info] > git ls-files --stage -- /home/lukas/Coding/packages/Apps_paclist.txt [9ms]
2023-09-23 15:35:39.242 [info] > git cat-file -s 7267a2299384cfb2324a207a4295b2bb0c8dab2d [5ms]
2023-09-23 15:35:39.243 [info] > git fetch [1232ms]
2023-09-23 15:35:39.253 [info] > git show --textconv :Gnome_paclist.txt [11ms]
2023-09-23 15:35:39.253 [info] > git show --textconv :ArchISO_paclist.txt [5ms]
2023-09-23 15:35:39.258 [info] > git config --get commit.template [6ms]
2023-09-23 15:35:39.259 [info] > git show --textconv :Apps_paclist.txt [1ms]
2023-09-23 15:35:39.267 [info] > git for-each-ref --format=%(refname)%00%(upstream:short)%00%(objectname)%00%(upstream:track)%00%(upstream:remotename)%00%(upstream:remoteref) refs/heads/master refs/remotes/master [1ms]
2023-09-23 15:35:39.273 [info] > git status -z -uall [1ms]
2023-09-23 15:35:40.361 [info] > git ls-files --stage -- /home/lukas/Coding/packages/Apps_paclist.txt [1ms]
2023-09-23 15:35:40.366 [info] > git ls-files --stage -- /home/lukas/Coding/packages/ArchISO_paclist.txt [15ms]
2023-09-23 15:35:40.372 [info] > git ls-files --stage -- /home/lukas/Coding/packages/Gnome_paclist.txt [27ms]
2023-09-23 15:35:40.379 [info] > git cat-file -s 4f02438f2d386ec8c18193ac1d7c75fe3ed5c4fc [6ms]
2023-09-23 15:35:40.379 [info] > git cat-file -s 7267a2299384cfb2324a207a4295b2bb0c8dab2d [14ms]
