2023-09-29 16:22:35.941 [info] Log level: Info
2023-09-29 16:22:35.941 [info] Validating found git in: "git"
2023-09-29 16:22:35.941 [info] Using git "2.42.0" from "git"
2023-09-29 16:22:35.941 [info] > git rev-parse --show-toplevel [2ms]
2023-09-29 16:22:35.943 [info] > git rev-parse --git-dir --git-common-dir [2ms]
2023-09-29 16:22:35.957 [info] Open repository: /home/lukas/Github/dotfiles
2023-09-29 16:22:35.973 [info] > git rev-parse --show-toplevel [3ms]
2023-09-29 16:22:35.974 [info] > git config --get commit.template [9ms]
2023-09-29 16:22:35.986 [info] > git rev-parse --show-toplevel [6ms]
2023-09-29 16:22:35.987 [info] > git for-each-ref --format=%(refname)%00%(upstream:short)%00%(objectname)%00%(upstream:track)%00%(upstream:remotename)%00%(upstream:remoteref) refs/heads/master refs/remotes/master [2ms]
2023-09-29 16:22:35.995 [info] > git status -z -uall [1ms]
2023-09-29 16:22:36.012 [info] > git config --get commit.template [6ms]
2023-09-29 16:22:36.012 [info] > git for-each-ref --format=%(refname)%00%(upstream:short)%00%(objectname)%00%(upstream:track)%00%(upstream:remotename)%00%(upstream:remoteref) refs/heads/master refs/remotes/master [1ms]
2023-09-29 16:22:36.019 [info] > git status -z -uall [2ms]
2023-09-29 16:22:36.592 [info] > git check-ignore -v -z --stdin [1ms]
2023-09-29 16:22:37.258 [info] > git fetch [1301ms]
2023-09-29 16:22:37.281 [info] > git config --get commit.template [9ms]
2023-09-29 16:22:37.282 [info] > git for-each-ref --format=%(refname)%00%(upstream:short)%00%(objectname)%00%(upstream:track)%00%(upstream:remotename)%00%(upstream:remoteref) refs/heads/master refs/remotes/master [2ms]
2023-09-29 16:22:37.291 [info] > git status -z -uall [3ms]
2023-09-29 16:25:37.273 [info] > git check-ignore -v -z --stdin [5ms]
2023-09-29 16:25:37.972 [info] > git check-ignore -v -z --stdin [5ms]
2023-09-29 16:25:38.648 [info] > git fetch [1332ms]
2023-09-29 16:25:38.695 [info] > git config --get commit.template [24ms]
2023-09-29 16:25:38.697 [info] > git for-each-ref --format=%(refname)%00%(upstream:short)%00%(objectname)%00%(upstream:track)%00%(upstream:remotename)%00%(upstream:remoteref) refs/heads/master refs/remotes/master [5ms]
2023-09-29 16:25:38.726 [info] > git status -z -uall [8ms]
2023-09-29 16:25:39.392 [info] > git check-ignore -v -z --stdin [3ms]
2023-09-29 16:25:39.763 [info] > git show --textconv :.local/share/chars/emoji [13ms]
2023-09-29 16:25:39.766 [info] > git ls-files --stage -- /home/lukas/Github/dotfiles/.local/share/chars/emoji [3ms]
2023-09-29 16:25:39.780 [info] > git cat-file -s 6803731f4a43641abf3ece0a1599703513acb650 [4ms]
2023-09-29 16:25:40.604 [info] > git show --textconv :.local/share/chars/font-awesome [12ms]
2023-09-29 16:25:40.607 [info] > git ls-files --stage -- /home/lukas/Github/dotfiles/.local/share/chars/font-awesome [3ms]
2023-09-29 16:25:40.614 [info] > git cat-file -s 3283be3d8e7b99cc12acf1995a296b593ba8c21d [1ms]
2023-09-29 16:28:40.096 [info] > git fetch [1333ms]
2023-09-29 16:28:40.142 [info] > git config --get commit.template [24ms]
2023-09-29 16:28:40.144 [info] > git for-each-ref --format=%(refname)%00%(upstream:short)%00%(objectname)%00%(upstream:track)%00%(upstream:remotename)%00%(upstream:remoteref) refs/heads/master refs/remotes/master [3ms]
2023-09-29 16:28:40.159 [info] > git status -z -uall [4ms]
2023-09-29 16:29:19.827 [info] > git show --textconv :.gitconfig [15ms]
2023-09-29 16:29:19.829 [info] > git ls-files --stage -- /home/lukas/Github/dotfiles/.gitconfig [3ms]
2023-09-29 16:29:19.839 [info] > git cat-file -s eb4cf9b343fc6d0f1b65280119121cecfeab1df1 [2ms]
2023-09-29 16:29:59.280 [info] > git show --textconv :.gitconfig-work [18ms]
2023-09-29 16:29:59.282 [info] > git ls-files --stage -- /home/lukas/Github/dotfiles/.gitconfig-work [3ms]
2023-09-29 16:29:59.291 [info] > git cat-file -s c8b90d4722474f385d81ddeb8bdd07874ae2cef6 [1ms]
2023-09-29 16:30:00.193 [info] > git show --textconv :install.sh [12ms]
2023-09-29 16:30:00.195 [info] > git ls-files --stage -- /home/lukas/Github/dotfiles/install.sh [3ms]
2023-09-29 16:30:00.203 [info] > git cat-file -s 957fd6e5bfedd5fe0d2765a11aa6db20b4adfc0e [2ms]
2023-09-29 16:30:01.272 [info] > git show --textconv :.gitconfig-work [13ms]
2023-09-29 16:30:01.273 [info] > git ls-files --stage -- /home/lukas/Github/dotfiles/.gitconfig-work [2ms]
2023-09-29 16:30:01.281 [info] > git cat-file -s c8b90d4722474f385d81ddeb8bdd07874ae2cef6 [1ms]
2023-09-29 16:30:01.970 [info] > git show --textconv :.profile [8ms]
2023-09-29 16:30:01.971 [info] > git ls-files --stage -- /home/lukas/Github/dotfiles/.profile [2ms]
2023-09-29 16:30:01.978 [info] > git cat-file -s 8486fcaf91b9e33b6f564280c2e04bfbddf23240 [1ms]
2023-09-29 16:30:02.514 [info] > git show --textconv :.gitconfig [17ms]
2023-09-29 16:30:02.517 [info] > git ls-files --stage -- /home/lukas/Github/dotfiles/.gitconfig [4ms]
2023-09-29 16:30:02.527 [info] > git cat-file -s eb4cf9b343fc6d0f1b65280119121cecfeab1df1 [2ms]
2023-09-29 16:30:03.162 [info] > git show --textconv :.gitconfig-work [7ms]
2023-09-29 16:30:03.163 [info] > git ls-files --stage -- /home/lukas/Github/dotfiles/.gitconfig-work [2ms]
2023-09-29 16:30:03.169 [info] > git cat-file -s c8b90d4722474f385d81ddeb8bdd07874ae2cef6 [1ms]
2023-09-29 16:30:04.084 [info] > git show --textconv :.profile [10ms]
2023-09-29 16:30:04.084 [info] > git ls-files --stage -- /home/lukas/Github/dotfiles/.profile [2ms]
2023-09-29 16:30:04.092 [info] > git cat-file -s 8486fcaf91b9e33b6f564280c2e04bfbddf23240 [1ms]
2023-09-29 16:30:04.572 [info] > git show --textconv :install.sh [12ms]
2023-09-29 16:30:04.574 [info] > git ls-files --stage -- /home/lukas/Github/dotfiles/install.sh [3ms]
2023-09-29 16:30:04.583 [info] > git cat-file -s 957fd6e5bfedd5fe0d2765a11aa6db20b4adfc0e [1ms]
2023-09-29 16:30:05.708 [info] > git show --textconv :.profile [14ms]
2023-09-29 16:30:05.710 [info] > git ls-files --stage -- /home/lukas/Github/dotfiles/.profile [2ms]
2023-09-29 16:30:05.718 [info] > git cat-file -s 8486fcaf91b9e33b6f564280c2e04bfbddf23240 [1ms]
2023-09-29 16:33:07.783 [info] > git ls-files --stage -- /home/lukas/Github/dotfiles/.profile [5ms]
2023-09-29 16:33:07.805 [info] > git cat-file -s 8486fcaf91b9e33b6f564280c2e04bfbddf23240 [5ms]
2023-09-29 16:33:07.832 [info] > git show --textconv :.profile [6ms]
2023-09-29 16:33:08.157 [info] > git fetch [1585ms]
2023-09-29 16:33:08.201 [info] > git config --get commit.template [21ms]
2023-09-29 16:33:08.203 [info] > git for-each-ref --format=%(refname)%00%(upstream:short)%00%(objectname)%00%(upstream:track)%00%(upstream:remotename)%00%(upstream:remoteref) refs/heads/master refs/remotes/master [7ms]
2023-09-29 16:33:08.223 [info] > git status -z -uall [4ms]
2023-09-29 16:33:09.249 [info] > git ls-files --stage -- /home/lukas/Github/dotfiles/.profile [5ms]
2023-09-29 16:33:09.272 [info] > git cat-file -s 8486fcaf91b9e33b6f564280c2e04bfbddf23240 [5ms]
2023-09-29 16:33:09.298 [info] > git show --textconv :.profile [3ms]
2023-09-29 16:37:23.289 [info] > git ls-files --stage -- /home/lukas/Github/dotfiles/.profile [5ms]
2023-09-29 16:37:23.311 [info] > git cat-file -s 8486fcaf91b9e33b6f564280c2e04bfbddf23240 [4ms]
2023-09-29 16:37:23.324 [info] > git show --textconv :.profile [2ms]
2023-09-29 16:37:23.379 [info] > git fetch [1297ms]
2023-09-29 16:37:23.390 [info] > git config --get commit.template [5ms]
2023-09-29 16:37:23.390 [info] > git for-each-ref --format=%(refname)%00%(upstream:short)%00%(objectname)%00%(upstream:track)%00%(upstream:remotename)%00%(upstream:remoteref) refs/heads/master refs/remotes/master [1ms]
2023-09-29 16:37:23.396 [info] > git status -z -uall [2ms]
2023-09-29 16:37:24.480 [info] > git ls-files --stage -- /home/lukas/Github/dotfiles/.profile [5ms]
2023-09-29 16:37:24.504 [info] > git cat-file -s 8486fcaf91b9e33b6f564280c2e04bfbddf23240 [5ms]
2023-09-29 16:37:24.527 [info] > git show --textconv :.profile [3ms]
2023-09-29 16:38:24.903 [info] > git show --textconv :.local/share/chars/font-awesome [13ms]
2023-09-29 16:38:24.904 [info] > git ls-files --stage -- /home/lukas/Github/dotfiles/.local/share/chars/font-awesome [2ms]
2023-09-29 16:38:24.913 [info] > git cat-file -s 3283be3d8e7b99cc12acf1995a296b593ba8c21d [2ms]
2023-09-29 16:38:25.791 [info] > git show --textconv :.local/share/ttymaps.kmap [21ms]
2023-09-29 16:38:25.793 [info] > git ls-files --stage -- /home/lukas/Github/dotfiles/.local/share/ttymaps.kmap [3ms]
2023-09-29 16:38:25.804 [info] > git cat-file -s 51a704278d25167238c185ebbfd3abfb5003cbc4 [2ms]
2023-09-29 16:38:26.566 [info] > git show --textconv :.gitconfig-work [12ms]
2023-09-29 16:38:26.567 [info] > git ls-files --stage -- /home/lukas/Github/dotfiles/.gitconfig-work [2ms]
2023-09-29 16:38:26.576 [info] > git cat-file -s c8b90d4722474f385d81ddeb8bdd07874ae2cef6 [2ms]
2023-09-29 16:38:27.106 [info] > git show --textconv :install.sh [20ms]
2023-09-29 16:38:27.109 [info] > git ls-files --stage -- /home/lukas/Github/dotfiles/install.sh [4ms]
2023-09-29 16:38:27.128 [info] > git cat-file -s 957fd6e5bfedd5fe0d2765a11aa6db20b4adfc0e [6ms]
2023-09-29 16:38:28.120 [info] > git show --textconv :sync.sh [15ms]
2023-09-29 16:38:28.122 [info] > git ls-files --stage -- /home/lukas/Github/dotfiles/sync.sh [1ms]
2023-09-29 16:38:28.130 [info] > git cat-file -s b55824043f58c012d0c0353a252199803bd3f533 [1ms]
2023-09-29 16:38:29.852 [info] > git show --textconv :install.sh [13ms]
2023-09-29 16:38:29.854 [info] > git ls-files --stage -- /home/lukas/Github/dotfiles/install.sh [3ms]
2023-09-29 16:38:29.863 [info] > git cat-file -s 957fd6e5bfedd5fe0d2765a11aa6db20b4adfc0e [2ms]
2023-09-29 16:38:30.202 [info] > git show --textconv :.profile [17ms]
2023-09-29 16:38:30.202 [info] > git ls-files --stage -- /home/lukas/Github/dotfiles/.profile [1ms]
2023-09-29 16:38:30.234 [info] > git cat-file -s 8486fcaf91b9e33b6f564280c2e04bfbddf23240 [11ms]
2023-09-29 16:38:30.559 [info] > git show --textconv :.gitconfig-work [13ms]
2023-09-29 16:38:30.560 [info] > git ls-files --stage -- /home/lukas/Github/dotfiles/.gitconfig-work [2ms]
2023-09-29 16:38:30.569 [info] > git cat-file -s c8b90d4722474f385d81ddeb8bdd07874ae2cef6 [2ms]
2023-09-29 16:38:30.943 [info] > git show --textconv :.gitconfig [14ms]
2023-09-29 16:38:30.945 [info] > git ls-files --stage -- /home/lukas/Github/dotfiles/.gitconfig [3ms]
2023-09-29 16:38:30.959 [info] > git cat-file -s eb4cf9b343fc6d0f1b65280119121cecfeab1df1 [3ms]
2023-09-29 16:38:33.104 [info] > git check-ignore -v -z --stdin [5ms]
2023-09-29 16:38:33.718 [info] > git check-ignore -v -z --stdin [5ms]
2023-09-29 16:38:34.387 [info] > git show --textconv :.config/alacritty/alacritty.yml [15ms]
2023-09-29 16:38:34.389 [info] > git ls-files --stage -- /home/lukas/Github/dotfiles/.config/alacritty/alacritty.yml [2ms]
2023-09-29 16:38:34.399 [info] > git cat-file -s 280f6b6924a0df898818a726578006b3e45591e1 [1ms]
2023-09-29 16:38:35.091 [info] > git show --textconv :.config/alacritty/catppuccin-mocha.yml [14ms]
2023-09-29 16:38:35.092 [info] > git ls-files --stage -- /home/lukas/Github/dotfiles/.config/alacritty/catppuccin-mocha.yml [4ms]
2023-09-29 16:38:35.101 [info] > git cat-file -s 9bd1083a5ab31bad5ab1a4cdba616572bbccfd3a [2ms]
2023-09-29 16:38:37.167 [info] > git check-ignore -v -z --stdin [4ms]
2023-09-29 16:38:39.132 [info] > git check-ignore -v -z --stdin [4ms]
2023-09-29 16:38:39.707 [info] > git check-ignore -v -z --stdin [5ms]
2023-09-29 16:38:40.042 [info] > git show --textconv :.config/nvim/lua/custom/plugins/init.lua [16ms]
2023-09-29 16:38:40.043 [info] > git ls-files --stage -- /home/lukas/Github/dotfiles/.config/nvim/lua/custom/plugins/init.lua [2ms]
2023-09-29 16:38:40.052 [info] > git cat-file -s be0eb9d8d7a673e3da292ffc72b1fcf7f8248d2c [1ms]
2023-09-29 16:38:41.351 [info] > git check-ignore -v -z --stdin [3ms]
2023-09-29 16:38:41.628 [info] > git show --textconv :.config/nvim/lua/kickstart/plugins/autoformat.lua [23ms]
2023-09-29 16:38:41.632 [info] > git ls-files --stage -- /home/lukas/Github/dotfiles/.config/nvim/lua/kickstart/plugins/autoformat.lua [4ms]
2023-09-29 16:38:41.647 [info] > git cat-file -s bc56b15b0277ce948e6b2e30b4eec0e5fe7e4dd0 [3ms]
2023-09-29 16:38:43.076 [info] > git show --textconv :.config/nvim/lua/kickstart/plugins/debug.lua [9ms]
2023-09-29 16:38:43.077 [info] > git ls-files --stage -- /home/lukas/Github/dotfiles/.config/nvim/lua/kickstart/plugins/debug.lua [1ms]
2023-09-29 16:38:43.085 [info] > git cat-file -s 7fc783fabd406009d5b7f0c1f9499fd52e51cc28 [2ms]
2023-09-29 16:40:24.616 [info] > git ls-files --stage -- /home/lukas/Github/dotfiles/.config/nvim/lua/kickstart/plugins/debug.lua [6ms]
2023-09-29 16:40:24.635 [info] > git cat-file -s 7fc783fabd406009d5b7f0c1f9499fd52e51cc28 [3ms]
2023-09-29 16:40:24.649 [info] > git show --textconv :.config/nvim/lua/kickstart/plugins/debug.lua [3ms]
2023-09-29 16:40:24.753 [info] > git fetch [1348ms]
2023-09-29 16:40:24.800 [info] > git config --get commit.template [24ms]
2023-09-29 16:40:24.802 [info] > git for-each-ref --format=%(refname)%00%(upstream:short)%00%(objectname)%00%(upstream:track)%00%(upstream:remotename)%00%(upstream:remoteref) refs/heads/master refs/remotes/master [7ms]
2023-09-29 16:40:24.831 [info] > git status -z -uall [7ms]
2023-09-29 16:40:25.850 [info] > git ls-files --stage -- /home/lukas/Github/dotfiles/.config/nvim/lua/kickstart/plugins/debug.lua [1ms]
2023-09-29 16:40:25.856 [info] > git cat-file -s 7fc783fabd406009d5b7f0c1f9499fd52e51cc28 [1ms]
2023-09-29 16:40:25.863 [info] > git show --textconv :.config/nvim/lua/kickstart/plugins/debug.lua [1ms]
2023-09-29 16:40:33.742 [info] > git check-ignore -v -z --stdin [4ms]
2023-09-29 16:40:43.620 [info] > git show --textconv :.profile [14ms]
2023-09-29 16:40:43.621 [info] > git ls-files --stage -- /home/lukas/Github/dotfiles/.profile [2ms]
2023-09-29 16:40:43.631 [info] > git cat-file -s 8486fcaf91b9e33b6f564280c2e04bfbddf23240 [2ms]
2023-09-29 16:40:44.525 [info] > git show --textconv :sync.sh [14ms]
2023-09-29 16:40:44.526 [info] > git ls-files --stage -- /home/lukas/Github/dotfiles/sync.sh [2ms]
2023-09-29 16:40:44.536 [info] > git cat-file -s b55824043f58c012d0c0353a252199803bd3f533 [2ms]
2023-09-29 16:41:10.801 [info] > git show --textconv :.config/nvim/lua/kickstart/plugins/autoformat.lua [15ms]
2023-09-29 16:41:10.803 [info] > git ls-files --stage -- /home/lukas/Github/dotfiles/.config/nvim/lua/kickstart/plugins/autoformat.lua [3ms]
2023-09-29 16:41:10.811 [info] > git cat-file -s bc56b15b0277ce948e6b2e30b4eec0e5fe7e4dd0 [1ms]
2023-09-29 16:41:11.576 [info] > git show --textconv :.config/nvim/lua/kickstart/plugins/debug.lua [7ms]
2023-09-29 16:41:11.577 [info] > git ls-files --stage -- /home/lukas/Github/dotfiles/.config/nvim/lua/kickstart/plugins/debug.lua [2ms]
2023-09-29 16:41:11.584 [info] > git cat-file -s 7fc783fabd406009d5b7f0c1f9499fd52e51cc28 [2ms]
2023-09-29 16:41:12.858 [info] > git show --textconv :.config/nvim/README.md [13ms]
2023-09-29 16:41:12.859 [info] > git ls-files --stage -- /home/lukas/Github/dotfiles/.config/nvim/README.md [2ms]
2023-09-29 16:41:12.871 [info] > git cat-file -s ef5976007ab1c6c116c0017aaa1e6b996f7823e0 [6ms]
2023-09-29 16:41:13.597 [info] > git show --textconv :.config/nvim/LICENSE.md [11ms]
2023-09-29 16:41:13.598 [info] > git ls-files --stage -- /home/lukas/Github/dotfiles/.config/nvim/LICENSE.md [2ms]
2023-09-29 16:41:13.606 [info] > git cat-file -s 9cf106272ac3b56b0c4c80218e8fc10a664ca5f4 [1ms]
2023-09-29 16:41:14.704 [info] > git show --textconv :.config/nvim/README.md [8ms]
2023-09-29 16:41:14.705 [info] > git ls-files --stage -- /home/lukas/Github/dotfiles/.config/nvim/README.md [2ms]
2023-09-29 16:41:14.712 [info] > git cat-file -s ef5976007ab1c6c116c0017aaa1e6b996f7823e0 [1ms]
2023-09-29 16:42:23.315 [info] > git show --textconv :.local/share/ttymaps.kmap [11ms]
2023-09-29 16:42:23.316 [info] > git ls-files --stage -- /home/lukas/Github/dotfiles/.local/share/ttymaps.kmap [2ms]
2023-09-29 16:42:23.324 [info] > git cat-file -s 51a704278d25167238c185ebbfd3abfb5003cbc4 [1ms]
2023-09-29 16:42:25.196 [info] > git show --textconv :.local/share/chars/emoji [11ms]
2023-09-29 16:42:25.198 [info] > git ls-files --stage -- /home/lukas/Github/dotfiles/.local/share/chars/emoji [3ms]
2023-09-29 16:42:25.209 [info] > git cat-file -s 6803731f4a43641abf3ece0a1599703513acb650 [2ms]
2023-09-29 16:42:25.814 [info] > git show --textconv :.local/share/chars/font-awesome [15ms]
2023-09-29 16:42:25.816 [info] > git ls-files --stage -- /home/lukas/Github/dotfiles/.local/share/chars/font-awesome [2ms]
2023-09-29 16:42:25.826 [info] > git cat-file -s 3283be3d8e7b99cc12acf1995a296b593ba8c21d [2ms]
2023-09-29 16:42:26.947 [info] > git show --textconv :.gitconfig [25ms]
2023-09-29 16:42:26.951 [info] > git ls-files --stage -- /home/lukas/Github/dotfiles/.gitconfig [6ms]
2023-09-29 16:42:26.978 [info] > git cat-file -s eb4cf9b343fc6d0f1b65280119121cecfeab1df1 [6ms]
2023-09-29 16:42:27.842 [info] > git show --textconv :.gitconfig-work [9ms]
2023-09-29 16:42:27.843 [info] > git ls-files --stage -- /home/lukas/Github/dotfiles/.gitconfig-work [2ms]
2023-09-29 16:42:27.851 [info] > git cat-file -s c8b90d4722474f385d81ddeb8bdd07874ae2cef6 [1ms]
2023-09-29 16:42:29.892 [info] > git check-ignore -v -z --stdin [5ms]
2023-09-29 16:42:32.506 [info] > git show --textconv :.local/bin/status-bar/sb-status [13ms]
2023-09-29 16:42:32.507 [info] > git ls-files --stage -- /home/lukas/Github/dotfiles/.local/bin/status-bar/sb-status [2ms]
2023-09-29 16:42:32.517 [info] > git cat-file -s 82e7601d3425ff3e22dc2439b4a7b1fea023bba2 [1ms]
2023-09-29 16:44:04.406 [info] > git ls-files --stage -- /home/lukas/Github/dotfiles/.local/bin/status-bar/sb-status [4ms]
2023-09-29 16:44:04.432 [info] > git cat-file -s 82e7601d3425ff3e22dc2439b4a7b1fea023bba2 [4ms]
2023-09-29 16:44:04.463 [info] > git show --textconv :.local/bin/status-bar/sb-status [5ms]
2023-09-29 16:44:04.519 [info] > git fetch [1331ms]
2023-09-29 16:44:04.571 [info] > git config --get commit.template [25ms]
2023-09-29 16:44:04.573 [info] > git for-each-ref --format=%(refname)%00%(upstream:short)%00%(objectname)%00%(upstream:track)%00%(upstream:remotename)%00%(upstream:remoteref) refs/heads/master refs/remotes/master [6ms]
2023-09-29 16:44:04.595 [info] > git status -z -uall [4ms]
2023-09-29 16:44:05.608 [info] > git ls-files --stage -- /home/lukas/Github/dotfiles/.local/bin/status-bar/sb-status [5ms]
2023-09-29 16:44:05.634 [info] > git cat-file -s 82e7601d3425ff3e22dc2439b4a7b1fea023bba2 [4ms]
2023-09-29 16:44:05.656 [info] > git show --textconv :.local/bin/status-bar/sb-status [3ms]
2023-09-29 16:44:30.906 [info] Log level: Info
2023-09-29 16:44:30.906 [info] Validating found git in: "git"
2023-09-29 16:44:30.906 [info] Using git "2.42.0" from "git"
2023-09-29 16:44:30.908 [info] > git rev-parse --show-toplevel [3ms]
2023-09-29 16:44:30.920 [info] > git rev-parse --git-dir --git-common-dir [2ms]
2023-09-29 16:44:30.940 [info] Open repository: /home/lukas/Work/ui-monorepo
2023-09-29 16:44:30.965 [info] > git rev-parse --show-toplevel [1ms]
2023-09-29 16:44:30.966 [info] > git config --get commit.template [10ms]
2023-09-29 16:44:30.980 [info] > git rev-parse --show-toplevel [6ms]
2023-09-29 16:44:30.993 [info] > git for-each-ref --format=%(refname)%00%(upstream:short)%00%(objectname)%00%(upstream:track)%00%(upstream:remotename)%00%(upstream:remoteref) refs/heads/main refs/remotes/main [14ms]
2023-09-29 16:44:31.000 [info] > git rev-parse --show-toplevel [14ms]
2023-09-29 16:44:31.021 [info] > git rev-parse --show-toplevel [12ms]
2023-09-29 16:44:31.038 [info] > git status -z -uall [39ms]
2023-09-29 16:44:31.051 [info] > git rev-parse --show-toplevel [14ms]
2023-09-29 16:44:31.061 [info] > git config --get commit.template [11ms]
2023-09-29 16:44:31.072 [info] > git rev-parse --show-toplevel [15ms]
2023-09-29 16:44:31.079 [info] > git for-each-ref --format=%(refname)%00%(upstream:short)%00%(objectname)%00%(upstream:track)%00%(upstream:remotename)%00%(upstream:remoteref) refs/heads/main refs/remotes/main [8ms]
2023-09-29 16:44:31.096 [info] > git status -z -uall [10ms]
2023-09-29 16:44:31.443 [info] > git fetch [504ms]
2023-09-29 16:44:31.443 [info] From gitlab.geekcoders.cz:kp-sys/ui-monorepo
   203bff0..1483a9a  main       -> origin/main
2023-09-29 16:44:31.454 [info] > git config --get commit.template [6ms]
2023-09-29 16:44:31.455 [info] > git for-each-ref --format=%(refname)%00%(upstream:short)%00%(objectname)%00%(upstream:track)%00%(upstream:remotename)%00%(upstream:remoteref) refs/heads/main refs/remotes/main [2ms]
2023-09-29 16:44:31.466 [info] > git status -z -uall [6ms]
2023-09-29 16:44:31.519 [info] > git check-ignore -v -z --stdin [3ms]
2023-09-29 16:44:32.563 [info] > git config --get commit.template [22ms]
2023-09-29 16:44:32.567 [info] > git for-each-ref --format=%(refname)%00%(upstream:short)%00%(objectname)%00%(upstream:track)%00%(upstream:remotename)%00%(upstream:remoteref) refs/heads/main refs/remotes/main [7ms]
2023-09-29 16:44:32.600 [info] > git status -z -uall [15ms]
2023-09-29 16:44:36.270 [info] > git check-ignore -v -z --stdin [6ms]
2023-09-29 16:44:37.057 [info] > git check-ignore -v -z --stdin [6ms]
2023-09-29 16:44:37.888 [info] > git check-ignore -v -z --stdin [5ms]
2023-09-29 16:44:38.416 [info] > git show --textconv :apps/verbis/.vscode/settings.json [7ms]
2023-09-29 16:44:38.417 [info] > git ls-files --stage -- /home/lukas/Work/ui-monorepo/apps/verbis/.vscode/settings.json [1ms]
2023-09-29 16:45:13.078 [info] > git check-ignore -v -z --stdin [4ms]
2023-09-29 16:45:14.730 [info] > git show --textconv :apps/verbis/.env.example [9ms]
2023-09-29 16:45:14.731 [info] > git ls-files --stage -- /home/lukas/Work/ui-monorepo/apps/verbis/.env.example [1ms]
2023-09-29 16:45:14.739 [info] > git cat-file -s 7a47ba70a04abfd845e847c435567d3a9c804bbb [1ms]
2023-09-29 16:45:15.243 [info] > git show --textconv :apps/verbis/.env [13ms]
2023-09-29 16:45:15.244 [info] > git ls-files --stage -- /home/lukas/Work/ui-monorepo/apps/verbis/.env [2ms]
2023-09-29 16:45:18.630 [info] > git check-ignore -v -z --stdin [2ms]
2023-09-29 16:45:22.060 [info] > git show --textconv :apps/verbis/Makefile [20ms]
2023-09-29 16:45:22.063 [info] > git ls-files --stage -- /home/lukas/Work/ui-monorepo/apps/verbis/Makefile [5ms]
2023-09-29 16:45:22.079 [info] > git cat-file -s c1c2ae55a87a3c860a2df2694bd4b9a1a4e2a080 [2ms]
2023-09-29 16:45:23.607 [info] > git show --textconv :apps/verbis/middleware.ts [19ms]
2023-09-29 16:45:23.609 [info] > git ls-files --stage -- /home/lukas/Work/ui-monorepo/apps/verbis/middleware.ts [3ms]
2023-09-29 16:45:23.625 [info] > git cat-file -s f31331d92bef44f467c0f3b1be9e56cf11b331c5 [2ms]
2023-09-29 16:45:24.255 [info] > git show --textconv :apps/verbis/next-env.d.ts [11ms]
2023-09-29 16:45:24.257 [info] > git ls-files --stage -- /home/lukas/Work/ui-monorepo/apps/verbis/next-env.d.ts [4ms]
2023-09-29 16:45:24.272 [info] > git cat-file -s 4f11a03dc6cc37f2b5105c08f2e7b24c603ab2f4 [7ms]
2023-09-29 16:45:26.447 [info] > git show --textconv :apps/verbis/tailwind.config.js [10ms]
2023-09-29 16:45:26.451 [info] > git ls-files --stage -- /home/lukas/Work/ui-monorepo/apps/verbis/tailwind.config.js [4ms]
2023-09-29 16:45:26.462 [info] > git cat-file -s ccc2a9a4e5fb5b625177df5cad6b2a1c979a1bf2 [3ms]
2023-09-29 16:45:33.134 [info] > git show --textconv :libs/shared/ui/news-card/src/lib/NewsCard.tsx [10ms]
2023-09-29 16:45:33.136 [info] > git ls-files --stage -- /home/lukas/Work/ui-monorepo/libs/shared/ui/news-card/src/lib/NewsCard.tsx [4ms]
2023-09-29 16:45:33.146 [info] > git cat-file -s dcbf038d784830dbddbf9a45317f6baaf2541ee8 [2ms]
2023-09-29 16:45:33.687 [info] > git check-ignore -v -z --stdin [1ms]
2023-09-29 16:45:42.653 [info] > git config --get commit.template [29ms]
2023-09-29 16:45:42.656 [info] > git for-each-ref --format=%(refname)%00%(upstream:short)%00%(objectname)%00%(upstream:track)%00%(upstream:remotename)%00%(upstream:remoteref) refs/heads/main refs/remotes/main [7ms]
2023-09-29 16:45:42.690 [info] > git status -z -uall [13ms]
2023-09-29 16:45:47.719 [info] > git config --get commit.template [10ms]
2023-09-29 16:45:47.720 [info] > git for-each-ref --format=%(refname)%00%(upstream:short)%00%(objectname)%00%(upstream:track)%00%(upstream:remotename)%00%(upstream:remoteref) refs/heads/main refs/remotes/main [2ms]
2023-09-29 16:45:47.732 [info] > git status -z -uall [5ms]
2023-09-29 16:45:52.792 [info] > git config --get commit.template [31ms]
2023-09-29 16:45:52.797 [info] > git for-each-ref --format=%(refname)%00%(upstream:short)%00%(objectname)%00%(upstream:track)%00%(upstream:remotename)%00%(upstream:remoteref) refs/heads/main refs/remotes/main [8ms]
2023-09-29 16:45:52.835 [info] > git status -z -uall [13ms]
2023-09-29 16:45:57.896 [info] > git config --get commit.template [31ms]
2023-09-29 16:45:57.900 [info] > git for-each-ref --format=%(refname)%00%(upstream:short)%00%(objectname)%00%(upstream:track)%00%(upstream:remotename)%00%(upstream:remoteref) refs/heads/main refs/remotes/main [7ms]
2023-09-29 16:45:57.939 [info] > git status -z -uall [17ms]
2023-09-29 16:46:13.178 [info] > git check-ignore -v -z --stdin [3ms]
2023-09-29 16:46:14.414 [info] > git show --textconv :libs/shared/ui/news-card/src/lib/NewsCard.stories.tsx [14ms]
2023-09-29 16:46:14.416 [info] > git ls-files --stage -- /home/lukas/Work/ui-monorepo/libs/shared/ui/news-card/src/lib/NewsCard.stories.tsx [2ms]
2023-09-29 16:46:14.443 [info] > git cat-file -s e4eba4e09c87e35adc21e835fb77b8d38d81796a [2ms]
2023-09-29 16:46:17.859 [info] > git show --textconv :libs/shared/ui/news-card/tsconfig.lib.json [11ms]
2023-09-29 16:46:17.860 [info] > git ls-files --stage -- /home/lukas/Work/ui-monorepo/libs/shared/ui/news-card/tsconfig.lib.json [2ms]
2023-09-29 16:46:17.870 [info] > git cat-file -s 69c042eb7b86c3e06b46aeea592fe574e7be6015 [1ms]
2023-09-29 16:46:38.891 [info] > git clean -f -q -- /home/lukas/Work/ui-monorepo/apps/verbis/.vscode/settings.json [3ms]
2023-09-29 16:46:38.906 [info] > git checkout -q [5ms]
2023-09-29 16:46:38.922 [info] > git config --get commit.template [7ms]
2023-09-29 16:46:38.923 [info] > git for-each-ref --format=%(refname)%00%(upstream:short)%00%(objectname)%00%(upstream:track)%00%(upstream:remotename)%00%(upstream:remoteref) refs/heads/main refs/remotes/main [2ms]
2023-09-29 16:46:38.935 [info] > git status -z -uall [5ms]
2023-09-29 16:46:40.027 [info] > git config --get commit.template [29ms]
2023-09-29 16:46:40.033 [info] > git for-each-ref --format=%(refname)%00%(upstream:short)%00%(objectname)%00%(upstream:track)%00%(upstream:remotename)%00%(upstream:remoteref) refs/heads/main refs/remotes/main [9ms]
2023-09-29 16:46:40.136 [info] > git status -z -uall [78ms]
2023-09-29 16:46:40.137 [info] > git ls-files --stage -- /home/lukas/Work/ui-monorepo/libs/shared/ui/news-card/src/lib/NewsCard.tsx [33ms]
2023-09-29 16:46:40.171 [info] > git cat-file -s dcbf038d784830dbddbf9a45317f6baaf2541ee8 [9ms]
2023-09-29 16:46:40.173 [info] > git ls-files --stage -- /home/lukas/Work/ui-monorepo/libs/shared/ui/news-card/tsconfig.lib.json [39ms]
2023-09-29 16:46:40.228 [info] > git cat-file -s 69c042eb7b86c3e06b46aeea592fe574e7be6015 [30ms]
2023-09-29 16:46:40.233 [info] > git show --textconv :libs/shared/ui/news-card/src/lib/NewsCard.tsx [7ms]
2023-09-29 16:46:40.266 [info] > git show --textconv :libs/shared/ui/news-card/tsconfig.lib.json [7ms]
2023-09-29 16:46:41.319 [info] > git log --oneline --cherry main...main@{upstream} -- [5ms]
2023-09-29 16:46:41.722 [info] > git pull --tags origin main [386ms]
2023-09-29 16:46:41.722 [info] From gitlab.geekcoders.cz:kp-sys/ui-monorepo
 * branch            main       -> FETCH_HEAD
2023-09-29 16:46:41.734 [info] > git config --get commit.template [2ms]
2023-09-29 16:46:41.748 [info] > git for-each-ref --format=%(refname)%00%(upstream:short)%00%(objectname)%00%(upstream:track)%00%(upstream:remotename)%00%(upstream:remoteref) refs/heads/main refs/remotes/main [3ms]
2023-09-29 16:46:41.765 [info] > git status -z -uall [7ms]
2023-09-29 16:46:43.010 [info] > git ls-files --stage -- /home/lukas/Work/ui-monorepo/libs/shared/ui/news-card/src/lib/NewsCard.tsx [29ms]
2023-09-29 16:46:43.023 [info] > git ls-files --stage -- /home/lukas/Work/ui-monorepo/libs/shared/ui/news-card/tsconfig.lib.json [15ms]
2023-09-29 16:46:43.033 [info] > git cat-file -s dcbf038d784830dbddbf9a45317f6baaf2541ee8 [11ms]
2023-09-29 16:46:43.034 [info] > git cat-file -s 69c042eb7b86c3e06b46aeea592fe574e7be6015 [2ms]
2023-09-29 16:46:43.052 [info] > git show --textconv :libs/shared/ui/news-card/src/lib/NewsCard.tsx [9ms]
2023-09-29 16:46:43.053 [info] > git show --textconv :libs/shared/ui/news-card/tsconfig.lib.json [2ms]
2023-09-29 16:46:45.222 [info] > git config --get commit.template [25ms]
2023-09-29 16:46:45.225 [info] > git for-each-ref --format=%(refname)%00%(upstream:short)%00%(objectname)%00%(upstream:track)%00%(upstream:remotename)%00%(upstream:remoteref) refs/heads/main refs/remotes/main [4ms]
2023-09-29 16:46:45.251 [info] > git status -z -uall [12ms]
2023-09-29 16:47:31.847 [info] > git fetch [365ms]
2023-09-29 16:47:31.868 [info] > git config --get commit.template [11ms]
2023-09-29 16:47:31.869 [info] > git for-each-ref --format=%(refname)%00%(upstream:short)%00%(objectname)%00%(upstream:track)%00%(upstream:remotename)%00%(upstream:remoteref) refs/heads/main refs/remotes/main [2ms]
2023-09-29 16:47:31.887 [info] > git status -z -uall [9ms]
2023-09-29 16:47:33.005 [info] > git config --get commit.template [15ms]
2023-09-29 16:47:33.007 [info] > git for-each-ref --format=%(refname)%00%(upstream:short)%00%(objectname)%00%(upstream:track)%00%(upstream:remotename)%00%(upstream:remoteref) refs/heads/main refs/remotes/main [3ms]
2023-09-29 16:47:33.027 [info] > git status -z -uall [10ms]
2023-09-29 16:47:33.088 [info] > git ls-files --stage -- /home/lukas/Work/ui-monorepo/libs/shared/ui/news-card/src/lib/NewsCard.tsx [11ms]
2023-09-29 16:47:33.099 [info] > git ls-files --stage -- /home/lukas/Work/ui-monorepo/libs/shared/ui/news-card/tsconfig.lib.json [12ms]
2023-09-29 16:47:33.110 [info] > git cat-file -s dcbf038d784830dbddbf9a45317f6baaf2541ee8 [11ms]
2023-09-29 16:47:33.111 [info] > git cat-file -s 69c042eb7b86c3e06b46aeea592fe574e7be6015 [3ms]
2023-09-29 16:47:33.129 [info] > git show --textconv :libs/shared/ui/news-card/src/lib/NewsCard.tsx [9ms]
2023-09-29 16:47:33.130 [info] > git show --textconv :libs/shared/ui/news-card/tsconfig.lib.json [2ms]
2023-09-29 16:47:38.738 [info] > git check-ignore -v -z --stdin [2ms]
2023-09-29 16:47:41.532 [info] > git show --textconv :tsconfig.base.json [12ms]
2023-09-29 16:47:41.534 [info] > git ls-files --stage -- /home/lukas/Work/ui-monorepo/tsconfig.base.json [1ms]
2023-09-29 16:47:41.543 [info] > git cat-file -s 49ab0f1a0e08c520922ec32cb98760f3f40c96f7 [1ms]
