
1 more line; before #2  2 seconds ago
1 change; before #3  3 seconds ago
?\<export\>             
search hit TOP, continuing at BOTTOM
E486: Pattern not found: \<export\>
?\<export\>             
search hit TOP, continuing at BOTTOM
E486: Pattern not found: \<export\>
?\<export\>             
search hit TOP, continuing at BOTTOM
E486: Pattern not found: \<export\>
?\<export\>             
search hit TOP, continuing at BOTTOM
E486: Pattern not found: \<export\>
?\<export\>             
search hit TOP, continuing at BOTTOM
E486: Pattern not found: \<export\>
?\<export\>             
search hit TOP, continuing at BOTTOM
E486: Pattern not found: \<export\>
?\<export\>             
search hit TOP, continuing at BOTTOM
E486: Pattern not found: \<export\>
?\<export\>             
search hit TOP, continuing at BOTTOM
E486: Pattern not found: \<export\>
?\<export\>             
search hit TOP, continuing at BOTTOM
E486: Pattern not found: \<export\>
?\<export\>             
search hit TOP, continuing at BOTTOM
E486: Pattern not found: \<export\>
?\<export\>             
search hit TOP, continuing at BOTTOM
E486: Pattern not found: \<export\>
?\<export\>             
?\<export\>       [6/59]
?\<export\>             
?\<export\>       [5/59]
?\<export\>             
?\<export\>       [4/59]
?\<export\>             
?\<export\>       [3/59]
?\<export\>             
?\<export\>       [2/59]
?\<export\>             
?\<export\>       [1/59]
/\<export\>             
/\<export\>       [2/59]
/\<export\>             
/\<export\>       [3/59]
/\<export\>             
/\<export\>       [4/59]
/\<export\>             
/\<export\>       [5/59]
/\<export\>             
/\<export\>       [6/59]
/\<export\>             
/\<export\>       [7/59]
/\<export\>             
/\<export\>       [8/59]
/\<export\>             
/\<export\>       [9/59]
/\<export\>             
/\<export\>      [10/59]
/\<export\>             
/\<export\>      [11/59]
/\<export\>             
/\<export\>      [12/59]
/\<export\>             
/\<export\>      [13/59]
/\<export\>             
/\<export\>      [14/59]
/\<export\>             
/\<export\>      [15/59]
/\<export\>             
/\<export\>      [16/59]
/\<export\>             
/\<export\>      [17/59]
/\<export\>             
/\<export\>      [18/59]
?\<export\>             
?\<export\>      [10/59]
?\<export\>             
?\<export\>       [9/59]
?\<export\>             
?\<export\>       [8/59]
?\<export\>             
?\<export\>       [7/59]
/\<export\>             
/\<export\>       [8/59]
/\<export\>             
/\<export\>       [9/59]
/\<export\>             
/\<export\>      [10/59]
/\<export\>             
/\<export\>      [11/59]
/\<export\>             
/\<export\>      [12/59]
/\<export\>             
/\<export\>      [13/59]
/\<export\>             
/\<export\>      [14/59]
2 more lines; before #10  2 seconds ago
/\<export\>             
search hit BOTTOM, continuing at TOP
E486: Pattern not found: \<export\>
/\<export\>             
search hit BOTTOM, continuing at TOP
E486: Pattern not found: \<export\>
/\<export\>             
search hit BOTTOM, continuing at TOP
E486: Pattern not found: \<export\>
/\<export\>             
search hit BOTTOM, continuing at TOP
E486: Pattern not found: \<export\>
/\<export\>             
search hit BOTTOM, continuing at TOP
E486: Pattern not found: \<export\>
?\<export\>             
search hit TOP, continuing at BOTTOM
E486: Pattern not found: \<export\>
?\<export\>             
search hit TOP, continuing at BOTTOM
E486: Pattern not found: \<export\>
?\<export\>             
search hit TOP, continuing at BOTTOM
E486: Pattern not found: \<export\>
?\<export\>             
search hit TOP, continuing at BOTTOM
E486: Pattern not found: \<export\>
?\<export\>             
search hit TOP, continuing at BOTTOM
E486: Pattern not found: \<export\>
?\<export\>             
search hit TOP, continuing at BOTTOM
E486: Pattern not found: \<export\>
?\<export\>             
search hit TOP, continuing at BOTTOM
E486: Pattern not found: \<export\>
?\<export\>             
search hit TOP, continuing at BOTTOM
E486: Pattern not found: \<export\>
1 change; before #11  12 seconds ago