2023-09-24 11:16:40.177 [info] Log level: Info
2023-09-24 11:16:40.177 [info] Validating found git in: "git"
2023-09-24 11:16:40.177 [info] Using git "2.42.0" from "git"
2023-09-24 11:16:40.177 [info] > git rev-parse --show-toplevel [3ms]
2023-09-24 11:16:40.178 [info] > git rev-parse --git-dir --git-common-dir [9ms]
2023-09-24 11:16:40.193 [info] Open repository: /home/lukas/Github/dotfiles
2023-09-24 11:16:40.216 [info] > git rev-parse --show-toplevel [6ms]
2023-09-24 11:16:40.217 [info] > git config --get commit.template [13ms]
2023-09-24 11:16:40.230 [info] > git rev-parse --show-toplevel [7ms]
2023-09-24 11:16:40.232 [info] > git for-each-ref --format=%(refname)%00%(upstream:short)%00%(objectname)%00%(upstream:track)%00%(upstream:remotename)%00%(upstream:remoteref) refs/heads/master refs/remotes/master [3ms]
2023-09-24 11:16:40.244 [info] > git status -z -uall [6ms]
2023-09-24 11:16:40.258 [info] > git config --get commit.template [3ms]
2023-09-24 11:16:40.265 [info] > git for-each-ref --format=%(refname)%00%(upstream:short)%00%(objectname)%00%(upstream:track)%00%(upstream:remotename)%00%(upstream:remoteref) refs/heads/master refs/remotes/master [1ms]
2023-09-24 11:16:40.279 [info] > git status -z -uall [9ms]
2023-09-24 11:16:40.742 [info] > git check-ignore -v -z --stdin [5ms]
2023-09-24 11:16:41.456 [info] > git fetch [1265ms]
2023-09-24 11:16:41.476 [info] > git config --get commit.template [9ms]
2023-09-24 11:16:41.477 [info] > git for-each-ref --format=%(refname)%00%(upstream:short)%00%(objectname)%00%(upstream:track)%00%(upstream:remotename)%00%(upstream:remoteref) refs/heads/master refs/remotes/master [3ms]
2023-09-24 11:16:41.487 [info] > git status -z -uall [3ms]
2023-09-24 11:16:51.298 [info] > git show --textconv :install.sh [5ms]
2023-09-24 11:16:51.299 [info] > git ls-files --stage -- /home/lukas/Github/dotfiles/install.sh [2ms]
2023-09-24 11:16:51.572 [info] > git check-ignore -v -z --stdin [4ms]
2023-09-24 11:16:52.179 [info] > git config --get commit.template [21ms]
2023-09-24 11:16:52.182 [info] > git for-each-ref --format=%(refname)%00%(upstream:short)%00%(objectname)%00%(upstream:track)%00%(upstream:remotename)%00%(upstream:remoteref) refs/heads/master refs/remotes/master [6ms]
2023-09-24 11:16:52.207 [info] > git status -z -uall [7ms]
2023-09-24 11:17:18.864 [info] > git config --get commit.template [21ms]
2023-09-24 11:17:18.867 [info] > git for-each-ref --format=%(refname)%00%(upstream:short)%00%(objectname)%00%(upstream:track)%00%(upstream:remotename)%00%(upstream:remoteref) refs/heads/master refs/remotes/master [7ms]
2023-09-24 11:17:18.881 [info] > git status -z -uall [4ms]
2023-09-24 11:17:27.220 [info] > git config --get commit.template [22ms]
2023-09-24 11:17:27.223 [info] > git for-each-ref --format=%(refname)%00%(upstream:short)%00%(objectname)%00%(upstream:track)%00%(upstream:remotename)%00%(upstream:remoteref) refs/heads/master refs/remotes/master [6ms]
2023-09-24 11:17:27.244 [info] > git status -z -uall [6ms]
2023-09-24 11:17:45.628 [info] > git config --get commit.template [9ms]
2023-09-24 11:17:45.629 [info] > git for-each-ref --format=%(refname)%00%(upstream:short)%00%(objectname)%00%(upstream:track)%00%(upstream:remotename)%00%(upstream:remoteref) refs/heads/master refs/remotes/master [2ms]
2023-09-24 11:17:45.636 [info] > git status -z -uall [2ms]
2023-09-24 11:17:50.682 [info] > git config --get commit.template [20ms]
2023-09-24 11:17:50.685 [info] > git for-each-ref --format=%(refname)%00%(upstream:short)%00%(objectname)%00%(upstream:track)%00%(upstream:remotename)%00%(upstream:remoteref) refs/heads/master refs/remotes/master [6ms]
2023-09-24 11:17:50.698 [info] > git status -z -uall [4ms]
2023-09-24 11:17:55.741 [info] > git config --get commit.template [19ms]
2023-09-24 11:17:55.743 [info] > git for-each-ref --format=%(refname)%00%(upstream:short)%00%(objectname)%00%(upstream:track)%00%(upstream:remotename)%00%(upstream:remoteref) refs/heads/master refs/remotes/master [5ms]
2023-09-24 11:17:55.766 [info] > git status -z -uall [7ms]
2023-09-24 11:18:00.812 [info] > git config --get commit.template [19ms]
2023-09-24 11:18:00.815 [info] > git for-each-ref --format=%(refname)%00%(upstream:short)%00%(objectname)%00%(upstream:track)%00%(upstream:remotename)%00%(upstream:remoteref) refs/heads/master refs/remotes/master [6ms]
2023-09-24 11:18:00.838 [info] > git status -z -uall [7ms]
2023-09-24 11:18:05.872 [info] > git config --get commit.template [6ms]
2023-09-24 11:18:05.893 [info] > git for-each-ref --format=%(refname)%00%(upstream:short)%00%(objectname)%00%(upstream:track)%00%(upstream:remotename)%00%(upstream:remoteref) refs/heads/master refs/remotes/master [5ms]
2023-09-24 11:18:05.915 [info] > git status -z -uall [6ms]
2023-09-24 11:36:04.758 [info] > git fetch [1333ms]
2023-09-24 11:36:04.791 [info] > git config --get commit.template [15ms]
2023-09-24 11:36:04.793 [info] > git for-each-ref --format=%(refname)%00%(upstream:short)%00%(objectname)%00%(upstream:track)%00%(upstream:remotename)%00%(upstream:remoteref) refs/heads/master refs/remotes/master [4ms]
2023-09-24 11:36:04.805 [info] > git status -z -uall [3ms]
2023-09-24 12:01:20.270 [info] > git ls-files --stage -- /home/lukas/Github/dotfiles/install.sh [16ms]
2023-09-24 12:01:20.280 [info] > git show --textconv :install.sh [1ms]
2023-09-24 12:01:21.428 [info] > git ls-files --stage -- /home/lukas/Github/dotfiles/install.sh [5ms]
2023-09-24 12:01:21.454 [info] > git show --textconv :install.sh [4ms]
2023-09-24 12:01:21.601 [info] > git fetch [1378ms]
2023-09-24 12:01:21.632 [info] > git config --get commit.template [13ms]
2023-09-24 12:01:21.634 [info] > git for-each-ref --format=%(refname)%00%(upstream:short)%00%(objectname)%00%(upstream:track)%00%(upstream:remotename)%00%(upstream:remoteref) refs/heads/master refs/remotes/master [4ms]
2023-09-24 12:01:21.650 [info] > git status -z -uall [5ms]
2023-09-24 12:01:22.693 [info] > git ls-files --stage -- /home/lukas/Github/dotfiles/install.sh [5ms]
2023-09-24 12:01:22.719 [info] > git show --textconv :install.sh [5ms]
2023-09-24 12:01:29.870 [info] > git config --get commit.template [19ms]
2023-09-24 12:01:29.873 [info] > git for-each-ref --format=%(refname)%00%(upstream:short)%00%(objectname)%00%(upstream:track)%00%(upstream:remotename)%00%(upstream:remoteref) refs/heads/master refs/remotes/master [6ms]
2023-09-24 12:01:29.891 [info] > git status -z -uall [3ms]
2023-09-24 12:01:34.934 [info] > git config --get commit.template [18ms]
2023-09-24 12:01:34.937 [info] > git for-each-ref --format=%(refname)%00%(upstream:short)%00%(objectname)%00%(upstream:track)%00%(upstream:remotename)%00%(upstream:remoteref) refs/heads/master refs/remotes/master [5ms]
2023-09-24 12:01:34.959 [info] > git status -z -uall [6ms]
2023-09-24 12:02:19.640 [info] > git config --get commit.template [20ms]
2023-09-24 12:02:19.643 [info] > git for-each-ref --format=%(refname)%00%(upstream:short)%00%(objectname)%00%(upstream:track)%00%(upstream:remotename)%00%(upstream:remoteref) refs/heads/master refs/remotes/master [6ms]
2023-09-24 12:02:19.666 [info] > git status -z -uall [6ms]
2023-09-24 12:02:33.610 [info] > git config --get commit.template [6ms]
2023-09-24 12:02:33.611 [info] > git for-each-ref --format=%(refname)%00%(upstream:short)%00%(objectname)%00%(upstream:track)%00%(upstream:remotename)%00%(upstream:remoteref) refs/heads/master refs/remotes/master [2ms]
2023-09-24 12:02:33.619 [info] > git status -z -uall [2ms]
2023-09-24 12:02:38.660 [info] > git config --get commit.template [19ms]
2023-09-24 12:02:38.663 [info] > git for-each-ref --format=%(refname)%00%(upstream:short)%00%(objectname)%00%(upstream:track)%00%(upstream:remotename)%00%(upstream:remoteref) refs/heads/master refs/remotes/master [5ms]
2023-09-24 12:02:38.686 [info] > git status -z -uall [5ms]
2023-09-24 12:02:43.732 [info] > git config --get commit.template [19ms]
2023-09-24 12:02:43.735 [info] > git for-each-ref --format=%(refname)%00%(upstream:short)%00%(objectname)%00%(upstream:track)%00%(upstream:remotename)%00%(upstream:remoteref) refs/heads/master refs/remotes/master [6ms]
2023-09-24 12:02:43.759 [info] > git status -z -uall [7ms]
2023-09-24 12:02:48.787 [info] > git config --get commit.template [5ms]
2023-09-24 12:02:48.811 [info] > git for-each-ref --format=%(refname)%00%(upstream:short)%00%(objectname)%00%(upstream:track)%00%(upstream:remotename)%00%(upstream:remoteref) refs/heads/master refs/remotes/master [6ms]
2023-09-24 12:02:48.823 [info] > git status -z -uall [3ms]
2023-09-24 12:02:53.864 [info] > git config --get commit.template [19ms]
2023-09-24 12:02:53.867 [info] > git for-each-ref --format=%(refname)%00%(upstream:short)%00%(objectname)%00%(upstream:track)%00%(upstream:remotename)%00%(upstream:remoteref) refs/heads/master refs/remotes/master [6ms]
2023-09-24 12:02:53.884 [info] > git status -z -uall [4ms]
2023-09-24 12:02:58.929 [info] > git config --get commit.template [19ms]
2023-09-24 12:02:58.932 [info] > git for-each-ref --format=%(refname)%00%(upstream:short)%00%(objectname)%00%(upstream:track)%00%(upstream:remotename)%00%(upstream:remoteref) refs/heads/master refs/remotes/master [6ms]
2023-09-24 12:02:58.956 [info] > git status -z -uall [7ms]
2023-09-24 12:03:03.987 [info] > git config --get commit.template [11ms]
2023-09-24 12:03:03.988 [info] > git for-each-ref --format=%(refname)%00%(upstream:short)%00%(objectname)%00%(upstream:track)%00%(upstream:remotename)%00%(upstream:remoteref) refs/heads/master refs/remotes/master [2ms]
2023-09-24 12:03:04.001 [info] > git status -z -uall [3ms]
2023-09-24 12:03:25.858 [info] > git config --get commit.template [19ms]
2023-09-24 12:03:25.861 [info] > git for-each-ref --format=%(refname)%00%(upstream:short)%00%(objectname)%00%(upstream:track)%00%(upstream:remotename)%00%(upstream:remoteref) refs/heads/master refs/remotes/master [5ms]
2023-09-24 12:03:25.885 [info] > git status -z -uall [7ms]
2023-09-24 12:03:30.931 [info] > git config --get commit.template [20ms]
2023-09-24 12:03:30.934 [info] > git for-each-ref --format=%(refname)%00%(upstream:short)%00%(objectname)%00%(upstream:track)%00%(upstream:remotename)%00%(upstream:remoteref) refs/heads/master refs/remotes/master [5ms]
2023-09-24 12:03:30.957 [info] > git status -z -uall [7ms]
2023-09-24 12:04:04.049 [info] > git config --get commit.template [20ms]
2023-09-24 12:04:04.052 [info] > git for-each-ref --format=%(refname)%00%(upstream:short)%00%(objectname)%00%(upstream:track)%00%(upstream:remotename)%00%(upstream:remoteref) refs/heads/master refs/remotes/master [5ms]
2023-09-24 12:04:04.074 [info] > git status -z -uall [4ms]
2023-09-24 12:04:11.619 [info] > git config --get commit.template [18ms]
2023-09-24 12:04:11.622 [info] > git for-each-ref --format=%(refname)%00%(upstream:short)%00%(objectname)%00%(upstream:track)%00%(upstream:remotename)%00%(upstream:remoteref) refs/heads/master refs/remotes/master [5ms]
2023-09-24 12:04:11.644 [info] > git status -z -uall [7ms]
2023-09-24 12:04:20.466 [info] > git config --get commit.template [8ms]
2023-09-24 12:04:20.466 [info] > git for-each-ref --format=%(refname)%00%(upstream:short)%00%(objectname)%00%(upstream:track)%00%(upstream:remotename)%00%(upstream:remoteref) refs/heads/master refs/remotes/master [1ms]
2023-09-24 12:04:20.473 [info] > git status -z -uall [2ms]
2023-09-24 12:04:22.871 [info] > git ls-files --stage -- /home/lukas/Github/dotfiles/install.sh [4ms]
2023-09-24 12:04:22.896 [info] > git show --textconv :install.sh [4ms]
2023-09-24 12:04:23.014 [info] > git fetch [1350ms]
2023-09-24 12:04:23.041 [info] > git config --get commit.template [15ms]
2023-09-24 12:04:23.043 [info] > git for-each-ref --format=%(refname)%00%(upstream:short)%00%(objectname)%00%(upstream:track)%00%(upstream:remotename)%00%(upstream:remoteref) refs/heads/master refs/remotes/master [3ms]
2023-09-24 12:04:23.059 [info] > git status -z -uall [5ms]
2023-09-24 12:04:24.103 [info] > git ls-files --stage -- /home/lukas/Github/dotfiles/install.sh [5ms]
2023-09-24 12:04:24.127 [info] > git show --textconv :install.sh [4ms]
2023-09-24 12:04:40.276 [info] > git config --get commit.template [19ms]
2023-09-24 12:04:40.278 [info] > git for-each-ref --format=%(refname)%00%(upstream:short)%00%(objectname)%00%(upstream:track)%00%(upstream:remotename)%00%(upstream:remoteref) refs/heads/master refs/remotes/master [5ms]
2023-09-24 12:04:40.301 [info] > git status -z -uall [7ms]
2023-09-24 12:04:58.675 [info] > git config --get commit.template [19ms]
2023-09-24 12:04:58.680 [info] > git for-each-ref --format=%(refname)%00%(upstream:short)%00%(objectname)%00%(upstream:track)%00%(upstream:remotename)%00%(upstream:remoteref) refs/heads/master refs/remotes/master [6ms]
2023-09-24 12:04:58.702 [info] > git status -z -uall [6ms]
2023-09-24 12:05:08.288 [info] > git check-ignore -v -z --stdin [2ms]
2023-09-24 12:05:09.416 [info] > git add -A -- /home/lukas/Github/dotfiles/install.sh [6ms]
2023-09-24 12:05:09.447 [info] > git config --get commit.template [13ms]
2023-09-24 12:05:09.449 [info] > git for-each-ref --format=%(refname)%00%(upstream:short)%00%(objectname)%00%(upstream:track)%00%(upstream:remotename)%00%(upstream:remoteref) refs/heads/master refs/remotes/master [3ms]
2023-09-24 12:05:09.461 [info] > git status -z -uall [4ms]
2023-09-24 12:05:10.517 [info] > git config --get commit.template [5ms]
2023-09-24 12:05:10.539 [info] > git for-each-ref --format=%(refname)%00%(upstream:short)%00%(objectname)%00%(upstream:track)%00%(upstream:remotename)%00%(upstream:remoteref) refs/heads/master refs/remotes/master [5ms]
2023-09-24 12:05:10.558 [info] > git status -z -uall [5ms]
2023-09-24 12:05:10.598 [info] > git ls-files --stage -- /home/lukas/Github/dotfiles/install.sh [2ms]
2023-09-24 12:05:10.605 [info] > git cat-file -s 957fd6e5bfedd5fe0d2765a11aa6db20b4adfc0e [2ms]
2023-09-24 12:05:10.613 [info] > git show --textconv :install.sh [1ms]
2023-09-24 12:05:11.099 [info] > git branch [5ms]
2023-09-24 12:05:11.122 [info] > git reset -q HEAD -- /home/lukas/Github/dotfiles/install.sh [7ms]
2023-09-24 12:05:11.161 [info] > git config --get commit.template [19ms]
2023-09-24 12:05:11.164 [info] > git for-each-ref --format=%(refname)%00%(upstream:short)%00%(objectname)%00%(upstream:track)%00%(upstream:remotename)%00%(upstream:remoteref) refs/heads/master refs/remotes/master [5ms]
2023-09-24 12:05:11.179 [info] > git status -z -uall [4ms]
2023-09-24 12:05:12.332 [info] > git ls-files --stage -- /home/lukas/Github/dotfiles/install.sh [4ms]
2023-09-24 12:05:12.352 [info] > git show --textconv :install.sh [3ms]
2023-09-24 12:05:12.495 [info] > git add -A -- /home/lukas/Github/dotfiles/.config/zsh/.zshrc [5ms]
2023-09-24 12:05:12.521 [info] > git config --get commit.template [13ms]
2023-09-24 12:05:12.523 [info] > git for-each-ref --format=%(refname)%00%(upstream:short)%00%(objectname)%00%(upstream:track)%00%(upstream:remotename)%00%(upstream:remoteref) refs/heads/master refs/remotes/master [3ms]
2023-09-24 12:05:12.535 [info] > git status -z -uall [3ms]
2023-09-24 12:05:13.542 [info] > git add -A -- /home/lukas/Github/dotfiles/install.sh [6ms]
2023-09-24 12:05:13.575 [info] > git config --get commit.template [14ms]
2023-09-24 12:05:13.578 [info] > git for-each-ref --format=%(refname)%00%(upstream:short)%00%(objectname)%00%(upstream:track)%00%(upstream:remotename)%00%(upstream:remoteref) refs/heads/master refs/remotes/master [3ms]
2023-09-24 12:05:13.595 [info] > git status -z -uall [4ms]
2023-09-24 12:05:14.742 [info] > git ls-files --stage -- /home/lukas/Github/dotfiles/install.sh [5ms]
2023-09-24 12:05:14.763 [info] > git cat-file -s 957fd6e5bfedd5fe0d2765a11aa6db20b4adfc0e [5ms]
2023-09-24 12:05:14.778 [info] > git show --textconv :install.sh [3ms]
2023-09-24 12:05:15.587 [info] > git config --get commit.template [6ms]
2023-09-24 12:05:15.603 [info] > git for-each-ref --format=%(refname)%00%(upstream:short)%00%(objectname)%00%(upstream:track)%00%(upstream:remotename)%00%(upstream:remoteref) refs/heads/master refs/remotes/master [3ms]
2023-09-24 12:05:15.613 [info] > git status -z -uall [3ms]
2023-09-24 12:05:24.895 [info] > git -c user.useConfigOnly=true commit --quiet --allow-empty-message --file - [5ms]
2023-09-24 12:05:24.902 [info] > git config --get commit.template [1ms]
2023-09-24 12:05:24.915 [info] > git config --get commit.template [6ms]
2023-09-24 12:05:24.917 [info] > git for-each-ref --format=%(refname)%00%(upstream:short)%00%(objectname)%00%(upstream:track)%00%(upstream:remotename)%00%(upstream:remoteref) refs/heads/master refs/remotes/master [3ms]
2023-09-24 12:05:24.923 [info] > git status -z -uall [2ms]
2023-09-24 12:05:26.118 [info] > git ls-files --stage -- /home/lukas/Github/dotfiles/install.sh [3ms]
2023-09-24 12:05:26.130 [info] > git cat-file -s 957fd6e5bfedd5fe0d2765a11aa6db20b4adfc0e [2ms]
2023-09-24 12:05:26.143 [info] > git show --textconv :install.sh [2ms]
2023-09-24 12:05:26.309 [info] > git push origin master:master [1369ms]
2023-09-24 12:05:26.309 [info] To github.com:JirakLu/dotfiles.git
   5960361..5ff4f83  master -> master
2023-09-24 12:05:26.333 [info] > git config --get commit.template [12ms]
2023-09-24 12:05:26.334 [info] > git for-each-ref --format=%(refname)%00%(upstream:short)%00%(objectname)%00%(upstream:track)%00%(upstream:remotename)%00%(upstream:remoteref) refs/heads/master refs/remotes/master [3ms]
2023-09-24 12:05:26.349 [info] > git status -z -uall [5ms]
2023-09-24 12:05:26.391 [info] > git config --get commit.template [5ms]
2023-09-24 12:05:26.392 [info] > git for-each-ref --format=%(refname)%00%(upstream:short)%00%(objectname)%00%(upstream:track)%00%(upstream:remotename)%00%(upstream:remoteref) refs/heads/master refs/remotes/master [1ms]
2023-09-24 12:05:26.397 [info] > git status -z -uall [1ms]
2023-09-24 12:05:27.505 [info] > git ls-files --stage -- /home/lukas/Github/dotfiles/install.sh [1ms]
2023-09-24 12:05:27.516 [info] > git cat-file -s 957fd6e5bfedd5fe0d2765a11aa6db20b4adfc0e [3ms]
2023-09-24 12:05:27.530 [info] > git show --textconv :install.sh [3ms]
